Using pre-set license
Built from '2021.3/release' branch; Version is '2021.3.17f1 (3e8111cac19d) revision 4096273'; Using compiler version '192829333'; Build Type 'Release'
OS: 'Windows 11  (10.0.22621) 64bit CoreSingleLanguage' Language: 'ru' Physical Memory: 32654 MB
BatchMode: 1, IsHumanControllingUs: 0, StartBugReporterOnCrash: 0, Is64bit: 1, IsPro: 1

COMMAND LINE ARGUMENTS:
E:\Unity_HUB\2021.3.17f1\Editor\Unity.exe
-adb2
-batchMode
-noUpm
-name
AssetImportWorker3
-projectPath
D:/PaperRockAndScissor/PaperRockAndScissor
-logFile
Logs/AssetImportWorker3.log
-srvPort
56121
Successfully changed project path to: D:/PaperRockAndScissor/PaperRockAndScissor
D:/PaperRockAndScissor/PaperRockAndScissor
[UnityMemory] Configuration Parameters - Can be set up in boot.config
    "memorysetup-bucket-allocator-granularity=16"
    "memorysetup-bucket-allocator-bucket-count=8"
    "memorysetup-bucket-allocator-block-size=33554432"
    "memorysetup-bucket-allocator-block-count=8"
    "memorysetup-main-allocator-block-size=16777216"
    "memorysetup-thread-allocator-block-size=16777216"
    "memorysetup-gfx-main-allocator-block-size=16777216"
    "memorysetup-gfx-thread-allocator-block-size=16777216"
    "memorysetup-cache-allocator-block-size=4194304"
    "memorysetup-typetree-allocator-block-size=2097152"
    "memorysetup-profiler-bucket-allocator-granularity=16"
    "memorysetup-profiler-bucket-allocator-bucket-count=8"
    "memorysetup-profiler-bucket-allocator-block-size=33554432"
    "memorysetup-profiler-bucket-allocator-block-count=8"
    "memorysetup-profiler-allocator-block-size=16777216"
    "memorysetup-profiler-editor-allocator-block-size=1048576"
    "memorysetup-temp-allocator-size-main=16777216"
    "memorysetup-job-temp-allocator-block-size=2097152"
    "memorysetup-job-temp-allocator-block-size-background=1048576"
    "memorysetup-job-temp-allocator-reduction-small-platforms=262144"
    "memorysetup-temp-allocator-size-background-worker=32768"
    "memorysetup-temp-allocator-size-job-worker=262144"
    "memorysetup-temp-allocator-size-preload-manager=33554432"
    "memorysetup-temp-allocator-size-nav-mesh-worker=65536"
    "memorysetup-temp-allocator-size-audio-worker=65536"
    "memorysetup-temp-allocator-size-cloud-worker=32768"
    "memorysetup-temp-allocator-size-gi-baking-worker=262144"
    "memorysetup-temp-allocator-size-gfx=262144"
Player connection [22100] Host "[IP] 192.168.56.1 [Port] 0 [Flags] 2 [Guid] 1143383938 [EditorId] 1143383938 [Version] 1048832 [Id] WindowsEditor(7,Boris) [Debug] 1 [PackageName] WindowsEditor [ProjectName] Editor" joined multi-casting on [225.0.0.222:54997]...

Player connection [22100] Host "[IP] 192.168.56.1 [Port] 0 [Flags] 2 [Guid] 1143383938 [EditorId] 1143383938 [Version] 1048832 [Id] WindowsEditor(7,Boris) [Debug] 1 [PackageName] WindowsEditor [ProjectName] Editor" joined alternative multi-casting on [225.0.0.222:34997]...

Refreshing native plugins compatible for Editor in 117.66 ms, found 3 plugins.
Preloading 0 native plugins for Editor in 0.00 ms.
Initialize engine version: 2021.3.17f1 (3e8111cac19d)
[Subsystems] Discovering subsystems at path E:/Unity_HUB/2021.3.17f1/Editor/Data/Resources/UnitySubsystems
[Subsystems] Discovering subsystems at path D:/PaperRockAndScissor/PaperRockAndScissor/Assets
GfxDevice: creating device client; threaded=0; jobified=0
Direct3D:
    Version:  Direct3D 11.0 [level 11.1]
    Renderer: NVIDIA GeForce RTX 2060 (ID=0x1f08)
    Vendor:   NVIDIA
    VRAM:     5968 MB
    Driver:   31.0.15.3179
Initialize mono
Mono path[0] = 'E:/Unity_HUB/2021.3.17f1/Editor/Data/Managed'
Mono path[1] = 'E:/Unity_HUB/2021.3.17f1/Editor/Data/MonoBleedingEdge/lib/mono/unityjit-win32'
Mono config path = 'E:/Unity_HUB/2021.3.17f1/Editor/Data/MonoBleedingEdge/etc'
Using monoOptions --debugger-agent=transport=dt_socket,embedding=1,server=y,suspend=n,address=127.0.0.1:56164
Begin MonoManager ReloadAssembly
Registering precompiled unity dll's ...
Register platform support module: E:/Unity_HUB/2021.3.17f1/Editor/Data/PlaybackEngines/WebGLSupport/UnityEditor.WebGL.Extensions.dll
Register platform support module: E:/Unity_HUB/2021.3.17f1/Editor/Data/PlaybackEngines/AndroidPlayer/UnityEditor.Android.Extensions.dll
Register platform support module: E:/Unity_HUB/2021.3.17f1/Editor/Data/PlaybackEngines/iOSSupport/UnityEditor.iOS.Extensions.dll
Register platform support module: E:/Unity_HUB/2021.3.17f1/Editor/Data/PlaybackEngines/WindowsStandaloneSupport/UnityEditor.WindowsStandalone.Extensions.dll
Registered in 0.002761 seconds.
Native extension for WindowsStandalone target not found
[usbmuxd] Start listen thread
[usbmuxd] Listen thread started
[usbmuxd] Send listen message
Native extension for iOS target not found
Native extension for Android target not found
Android Extension - Scanning For ADB Devices 212 ms
Native extension for WebGL target not found
Refreshing native plugins compatible for Editor in 95.20 ms, found 3 plugins.
Preloading 0 native plugins for Editor in 0.00 ms.
Mono: successfully reloaded assembly
- Completed reload, in  0.740 seconds
Domain Reload Profiling:
	ReloadAssembly (741ms)
		BeginReloadAssembly (68ms)
			ExecutionOrderSort (0ms)
			DisableScriptedObjects (0ms)
			BackupInstance (0ms)
			ReleaseScriptingObjects (0ms)
			CreateAndSetChildDomain (1ms)
		EndReloadAssembly (599ms)
			LoadAssemblies (69ms)
			RebuildTransferFunctionScriptingTraits (0ms)
			SetupTypeCache (77ms)
			ReleaseScriptCaches (0ms)
			RebuildScriptCaches (19ms)
			SetupLoadedEditorAssemblies (467ms)
				LogAssemblyErrors (0ms)
				InitializePlatformSupportModulesInManaged (275ms)
				SetLoadedEditorAssemblies (0ms)
				RefreshPlugins (95ms)
				BeforeProcessingInitializeOnLoad (1ms)
				ProcessInitializeOnLoadAttributes (65ms)
				ProcessInitializeOnLoadMethodAttributes (31ms)
				AfterProcessingInitializeOnLoad (0ms)
				EditorAssembliesLoaded (0ms)
			ExecutionOrderSort2 (0ms)
			AwakeInstancesAfterBackupRestoration (0ms)
Platform modules already initialized, skipping
Registering precompiled user dll's ...
Registered in 0.009000 seconds.
Begin MonoManager ReloadAssembly
Symbol file LoadedFromMemory doesn't match image D:\PaperRockAndScissor\PaperRockAndScissor\Library\PackageCache\com.unity.visualscripting@1.8.0\Editor\VisualScripting.Core\Dependencies\DotNetZip\Unity.VisualScripting.IonicZip.dll
Symbol file LoadedFromMemory doesn't match image D:\PaperRockAndScissor\PaperRockAndScissor\Library\PackageCache\com.unity.visualscripting@1.8.0\Editor\VisualScripting.Core\Dependencies\YamlDotNet\Unity.VisualScripting.YamlDotNet.dll
Native extension for WindowsStandalone target not found
Native extension for iOS target not found
Native extension for Android target not found
Native extension for WebGL target not found
Refreshing native plugins compatible for Editor in 0.99 ms, found 3 plugins.
Preloading 0 native plugins for Editor in 0.00 ms.
Mono: successfully reloaded assembly
- Completed reload, in  0.977 seconds
Domain Reload Profiling:
	ReloadAssembly (978ms)
		BeginReloadAssembly (94ms)
			ExecutionOrderSort (0ms)
			DisableScriptedObjects (4ms)
			BackupInstance (0ms)
			ReleaseScriptingObjects (0ms)
			CreateAndSetChildDomain (17ms)
		EndReloadAssembly (803ms)
			LoadAssemblies (95ms)
			RebuildTransferFunctionScriptingTraits (0ms)
			SetupTypeCache (305ms)
			ReleaseScriptCaches (1ms)
			RebuildScriptCaches (42ms)
			SetupLoadedEditorAssemblies (330ms)
				LogAssemblyErrors (0ms)
				InitializePlatformSupportModulesInManaged (20ms)
				SetLoadedEditorAssemblies (0ms)
				RefreshPlugins (1ms)
				BeforeProcessingInitializeOnLoad (69ms)
				ProcessInitializeOnLoadAttributes (215ms)
				ProcessInitializeOnLoadMethodAttributes (23ms)
				AfterProcessingInitializeOnLoad (2ms)
				EditorAssembliesLoaded (0ms)
			ExecutionOrderSort2 (0ms)
			AwakeInstancesAfterBackupRestoration (5ms)
Platform modules already initialized, skipping
========================================================================
Worker process is ready to serve import requests
Launched and connected shader compiler UnityShaderCompiler.exe after 0.05 seconds
Refreshing native plugins compatible for Editor in 0.99 ms, found 3 plugins.
Preloading 0 native plugins for Editor in 0.00 ms.
Unloading 4250 Unused Serialized files (Serialized files now loaded: 0)
Unloading 53 unused Assets / (115.4 KB). Loaded Objects now: 4715.
Memory consumption went from 156.1 MB to 156.0 MB.
Total: 2.839800 ms (FindLiveObjects: 0.296700 ms CreateObjectMapping: 0.095700 ms MarkObjects: 2.331900 ms  DeleteObjects: 0.114300 ms)

AssetImportParameters requested are different than current active one (requested -> active):
  custom:video-decoder-ogg-theora: a1e56fd34408186e4bbccfd4996cb3dc -> 
  custom:container-muxer-webm: aa71ff27fc2769a1b78a27578f13a17b -> 
  custom:container-demuxer-webm: 4f35f7cbe854078d1ac9338744f61a02 -> 
  custom:video-encoder-webm-vp8: eb34c28f22e8b96e1ab97ce403110664 -> 
  custom:video-codec-MediaFoundation-h265: 746d11721c4dcdbdad8f713fa42b33f4 -> 
  custom:audio-encoder-webm-vorbis: bf7c407c2cedff20999df2af8eb42d56 -> 
  custom:framework-win-MediaFoundation: 216162199b28c13a410421893ffa2e32 -> 
  custom:container-demuxer-ogg: 62fdf1f143b41e24485cea50d1cbac27 -> 
  custom:video-decoder-webm-vp8: 9c59270c3fd7afecdb556c50c9e8de78 -> 
  custom:audio-decoder-ogg-vorbis: bf7c407c2cedff20999df2af8eb42d56 -> 
========================================================================
Received Import Request.
  Time since last request: 75478.298363 seconds.
  path: Assets/3D Prefabs/Meterial/Low Poly Fire/BrokenVector/LowPolyRockPack/Textures/Colorsheet Rock Grey.png
  artifactKey: Guid(6eb1476b439514548903a089becbf46a) Importer(815301076,1909f56bfc062723c751e8b465ee728b)
Start importing Assets/3D Prefabs/Meterial/Low Poly Fire/BrokenVector/LowPolyRockPack/Textures/Colorsheet Rock Grey.png using Guid(6eb1476b439514548903a089becbf46a) Importer(815301076,1909f56bfc062723c751e8b465ee728b)  -> (artifact id: 'b402d309ca53c5b987f3808d6b9ea8ed') in 0.080528 seconds 
========================================================================
Received Import Request.
  Time since last request: 8.010065 seconds.
  path: Assets/3D Prefabs/Meterial/Low Poly Fire/BrokenVector/LowPolyRockPack/Materials/Grey.mat
  artifactKey: Guid(18ec5123ab1b37446998bf1b1228a0c0) Importer(815301076,1909f56bfc062723c751e8b465ee728b)
Start importing Assets/3D Prefabs/Meterial/Low Poly Fire/BrokenVector/LowPolyRockPack/Materials/Grey.mat using Guid(18ec5123ab1b37446998bf1b1228a0c0) Importer(815301076,1909f56bfc062723c751e8b465ee728b)  -> (artifact id: '06517de1da5a34bc6a9891135a996e87') in 0.127967 seconds 
========================================================================
Received Prepare
Registering precompiled user dll's ...
Registered in 0.009336 seconds.
Begin MonoManager ReloadAssembly
Symbol file LoadedFromMemory doesn't match image D:\PaperRockAndScissor\PaperRockAndScissor\Library\PackageCache\com.unity.visualscripting@1.8.0\Editor\VisualScripting.Core\Dependencies\DotNetZip\Unity.VisualScripting.IonicZip.dll
Symbol file LoadedFromMemory doesn't match image D:\PaperRockAndScissor\PaperRockAndScissor\Library\PackageCache\com.unity.visualscripting@1.8.0\Editor\VisualScripting.Core\Dependencies\YamlDotNet\Unity.VisualScripting.YamlDotNet.dll
Native extension for WindowsStandalone target not found
Native extension for iOS target not found
Native extension for Android target not found
Native extension for WebGL target not found
Refreshing native plugins compatible for Editor in 1.04 ms, found 3 plugins.
Preloading 0 native plugins for Editor in 0.00 ms.
Mono: successfully reloaded assembly
- Completed reload, in  0.866 seconds
Domain Reload Profiling:
	ReloadAssembly (866ms)
		BeginReloadAssembly (136ms)
			ExecutionOrderSort (0ms)
			DisableScriptedObjects (3ms)
			BackupInstance (0ms)
			ReleaseScriptingObjects (0ms)
			CreateAndSetChildDomain (38ms)
		EndReloadAssembly (653ms)
			LoadAssemblies (99ms)
			RebuildTransferFunctionScriptingTraits (0ms)
			SetupTypeCache (224ms)
			ReleaseScriptCaches (1ms)
			RebuildScriptCaches (31ms)
			SetupLoadedEditorAssemblies (270ms)
				LogAssemblyErrors (0ms)
				InitializePlatformSupportModulesInManaged (23ms)
				SetLoadedEditorAssemblies (0ms)
				RefreshPlugins (1ms)
				BeforeProcessingInitializeOnLoad (56ms)
				ProcessInitializeOnLoadAttributes (166ms)
				ProcessInitializeOnLoadMethodAttributes (21ms)
				AfterProcessingInitializeOnLoad (2ms)
				EditorAssembliesLoaded (0ms)
			ExecutionOrderSort2 (0ms)
			AwakeInstancesAfterBackupRestoration (6ms)
Platform modules already initialized, skipping
Refreshing native plugins compatible for Editor in 3.78 ms, found 3 plugins.
Preloading 0 native plugins for Editor in 0.00 ms.
Unloading 4228 Unused Serialized files (Serialized files now loaded: 0)
Unloading 46 unused Assets / (82.6 KB). Loaded Objects now: 4761.
Memory consumption went from 158.5 MB to 158.4 MB.
Total: 2.760700 ms (FindLiveObjects: 0.265600 ms CreateObjectMapping: 0.173200 ms MarkObjects: 2.221100 ms  DeleteObjects: 0.100100 ms)

AssetImportParameters requested are different than current active one (requested -> active):
  custom:video-decoder-ogg-theora: a1e56fd34408186e4bbccfd4996cb3dc -> 
  custom:container-muxer-webm: aa71ff27fc2769a1b78a27578f13a17b -> 
  custom:container-demuxer-webm: 4f35f7cbe854078d1ac9338744f61a02 -> 
  custom:video-encoder-webm-vp8: eb34c28f22e8b96e1ab97ce403110664 -> 
  custom:video-codec-MediaFoundation-h265: 746d11721c4dcdbdad8f713fa42b33f4 -> 
  custom:audio-encoder-webm-vorbis: bf7c407c2cedff20999df2af8eb42d56 -> 
  custom:framework-win-MediaFoundation: 216162199b28c13a410421893ffa2e32 -> 
  custom:container-demuxer-ogg: 62fdf1f143b41e24485cea50d1cbac27 -> 
  custom:video-decoder-webm-vp8: 9c59270c3fd7afecdb556c50c9e8de78 -> 
  custom:audio-decoder-ogg-vorbis: bf7c407c2cedff20999df2af8eb42d56 -> 
========================================================================
Received Prepare
Registering precompiled user dll's ...
Registered in 0.009336 seconds.
Begin MonoManager ReloadAssembly
Symbol file LoadedFromMemory doesn't match image D:\PaperRockAndScissor\PaperRockAndScissor\Library\PackageCache\com.unity.visualscripting@1.8.0\Editor\VisualScripting.Core\Dependencies\DotNetZip\Unity.VisualScripting.IonicZip.dll
Symbol file LoadedFromMemory doesn't match image D:\PaperRockAndScissor\PaperRockAndScissor\Library\PackageCache\com.unity.visualscripting@1.8.0\Editor\VisualScripting.Core\Dependencies\YamlDotNet\Unity.VisualScripting.YamlDotNet.dll
Native extension for WindowsStandalone target not found
Native extension for iOS target not found
Native extension for Android target not found
Native extension for WebGL target not found
Refreshing native plugins compatible for Editor in 1.23 ms, found 3 plugins.
Preloading 0 native plugins for Editor in 0.00 ms.
Mono: successfully reloaded assembly
- Completed reload, in  0.955 seconds
Domain Reload Profiling:
	ReloadAssembly (956ms)
		BeginReloadAssembly (138ms)
			ExecutionOrderSort (0ms)
			DisableScriptedObjects (4ms)
			BackupInstance (0ms)
			ReleaseScriptingObjects (0ms)
			CreateAndSetChildDomain (40ms)
		EndReloadAssembly (738ms)
			LoadAssemblies (96ms)
			RebuildTransferFunctionScriptingTraits (0ms)
			SetupTypeCache (262ms)
			ReleaseScriptCaches (1ms)
			RebuildScriptCaches (36ms)
			SetupLoadedEditorAssemblies (302ms)
				LogAssemblyErrors (0ms)
				InitializePlatformSupportModulesInManaged (26ms)
				SetLoadedEditorAssemblies (0ms)
				RefreshPlugins (1ms)
				BeforeProcessingInitializeOnLoad (56ms)
				ProcessInitializeOnLoadAttributes (190ms)
				ProcessInitializeOnLoadMethodAttributes (25ms)
				AfterProcessingInitializeOnLoad (3ms)
				EditorAssembliesLoaded (0ms)
			ExecutionOrderSort2 (0ms)
			AwakeInstancesAfterBackupRestoration (6ms)
Platform modules already initialized, skipping
Refreshing native plugins compatible for Editor in 3.65 ms, found 3 plugins.
Preloading 0 native plugins for Editor in 0.00 ms.
Unloading 4228 Unused Serialized files (Serialized files now loaded: 0)
Unloading 46 unused Assets / (82.7 KB). Loaded Objects now: 4764.
Memory consumption went from 158.5 MB to 158.4 MB.
Total: 2.912000 ms (FindLiveObjects: 0.260000 ms CreateObjectMapping: 0.104000 ms MarkObjects: 2.440300 ms  DeleteObjects: 0.106900 ms)

AssetImportParameters requested are different than current active one (requested -> active):
  custom:video-decoder-ogg-theora: a1e56fd34408186e4bbccfd4996cb3dc -> 
  custom:container-muxer-webm: aa71ff27fc2769a1b78a27578f13a17b -> 
  custom:container-demuxer-webm: 4f35f7cbe854078d1ac9338744f61a02 -> 
  custom:video-encoder-webm-vp8: eb34c28f22e8b96e1ab97ce403110664 -> 
  custom:video-codec-MediaFoundation-h265: 746d11721c4dcdbdad8f713fa42b33f4 -> 
  custom:audio-encoder-webm-vorbis: bf7c407c2cedff20999df2af8eb42d56 -> 
  custom:framework-win-MediaFoundation: 216162199b28c13a410421893ffa2e32 -> 
  custom:container-demuxer-ogg: 62fdf1f143b41e24485cea50d1cbac27 -> 
  custom:video-decoder-webm-vp8: 9c59270c3fd7afecdb556c50c9e8de78 -> 
  custom:audio-decoder-ogg-vorbis: bf7c407c2cedff20999df2af8eb42d56 -> 
========================================================================
Received Import Request.
  Time since last request: 777.587143 seconds.
  path: Assets/3D Prefabs/Meterial/Low Poly Fire/Low Poly Grass/Nature Pack - Low Polly Trees & Bushes/Models/Bush 2.fbx
  artifactKey: Guid(50d0bd369a0d09248bd24decd92c0453) Importer(815301076,1909f56bfc062723c751e8b465ee728b)
Start importing Assets/3D Prefabs/Meterial/Low Poly Fire/Low Poly Grass/Nature Pack - Low Polly Trees & Bushes/Models/Bush 2.fbx using Guid(50d0bd369a0d09248bd24decd92c0453) Importer(815301076,1909f56bfc062723c751e8b465ee728b)  -> (artifact id: '0ba9a8453613e1fe484902b3166e26d7') in 0.081870 seconds 
========================================================================
Received Import Request.
  Time since last request: 0.000024 seconds.
  path: Assets/3D Prefabs/Meterial/Low Poly Fire/Low Poly Grass/Nature Pack - Low Polly Trees & Bushes/Models/Street Tree 2.fbx
  artifactKey: Guid(937039ee4c2afba40b7f60a1296979ef) Importer(815301076,1909f56bfc062723c751e8b465ee728b)
Start importing Assets/3D Prefabs/Meterial/Low Poly Fire/Low Poly Grass/Nature Pack - Low Polly Trees & Bushes/Models/Street Tree 2.fbx using Guid(937039ee4c2afba40b7f60a1296979ef) Importer(815301076,1909f56bfc062723c751e8b465ee728b)  -> (artifact id: 'e8e8a8d1a60c87c38104923e041e39ab') in 0.028101 seconds 
========================================================================
Received Import Request.
  Time since last request: 0.000025 seconds.
  path: Assets/3D Prefabs/Meterial/Low Poly Fire/Low Poly Grass/Nature Pack - Low Polly Trees & Bushes/Models/Potted Plant 1.fbx
  artifactKey: Guid(032c7dfa36cfb6443ac38433512bfc1a) Importer(815301076,1909f56bfc062723c751e8b465ee728b)
Start importing Assets/3D Prefabs/Meterial/Low Poly Fire/Low Poly Grass/Nature Pack - Low Polly Trees & Bushes/Models/Potted Plant 1.fbx using Guid(032c7dfa36cfb6443ac38433512bfc1a) Importer(815301076,1909f56bfc062723c751e8b465ee728b)  -> (artifact id: 'fc640191db6eeb8faa90bd70df427121') in 0.018104 seconds 
========================================================================
Received Import Request.
  Time since last request: 0.000016 seconds.
  path: Assets/3D Prefabs/Meterial/Low Poly Fire/Low Poly Grass/Nature Pack - Low Polly Trees & Bushes/Models/tree 6.fbx
  artifactKey: Guid(32ff25a9bb7e8194cb0cfa551ddfe988) Importer(815301076,1909f56bfc062723c751e8b465ee728b)
Start importing Assets/3D Prefabs/Meterial/Low Poly Fire/Low Poly Grass/Nature Pack - Low Polly Trees & Bushes/Models/tree 6.fbx using Guid(32ff25a9bb7e8194cb0cfa551ddfe988) Importer(815301076,1909f56bfc062723c751e8b465ee728b)  -> (artifact id: 'f596529253ca2d68a3f5935b49a9f1b5') in 0.017404 seconds 
========================================================================
Received Import Request.
  Time since last request: 0.000017 seconds.
  path: Assets/3D Prefabs/Meterial/Low Poly Fire/Low Poly Grass/Nature Pack - Low Polly Trees & Bushes/Models/tree 9.fbx
  artifactKey: Guid(ed51741a845d2d64ab78c75da4ca0074) Importer(815301076,1909f56bfc062723c751e8b465ee728b)
Start importing Assets/3D Prefabs/Meterial/Low Poly Fire/Low Poly Grass/Nature Pack - Low Polly Trees & Bushes/Models/tree 9.fbx using Guid(ed51741a845d2d64ab78c75da4ca0074) Importer(815301076,1909f56bfc062723c751e8b465ee728b)  -> (artifact id: '29798c7c1c9a090b8e5839f3cc18a3f0') in 0.017384 seconds 
========================================================================
Received Import Request.
  Time since last request: 0.000016 seconds.
  path: Assets/3D Prefabs/Meterial/Low Poly Fire/Low Poly Grass/Nature Pack - Low Polly Trees & Bushes/Models/Potted Plant 6.fbx
  artifactKey: Guid(08cf17a8204eccd4981de2725be44dee) Importer(815301076,1909f56bfc062723c751e8b465ee728b)
Start importing Assets/3D Prefabs/Meterial/Low Poly Fire/Low Poly Grass/Nature Pack - Low Polly Trees & Bushes/Models/Potted Plant 6.fbx using Guid(08cf17a8204eccd4981de2725be44dee) Importer(815301076,1909f56bfc062723c751e8b465ee728b)  -> (artifact id: 'fcd467dbd4695542cb8cecf8a8baec0e') in 0.016968 seconds 
========================================================================
Received Import Request.
  Time since last request: 0.000016 seconds.
  path: Assets/3D Prefabs/Meterial/Low Poly Fire/Low Poly Grass/Nature Pack - Low Polly Trees & Bushes/Models/tree 2.fbx
  artifactKey: Guid(232e6aaee661287438043e59c3cedb54) Importer(815301076,1909f56bfc062723c751e8b465ee728b)
Start importing Assets/3D Prefabs/Meterial/Low Poly Fire/Low Poly Grass/Nature Pack - Low Polly Trees & Bushes/Models/tree 2.fbx using Guid(232e6aaee661287438043e59c3cedb54) Importer(815301076,1909f56bfc062723c751e8b465ee728b)  -> (artifact id: '4e7cd38c65a2db08dc2c398306c1b545') in 0.016976 seconds 
========================================================================
Received Import Request.
  Time since last request: 0.000018 seconds.
  path: Assets/3D Prefabs/Meterial/Low Poly Fire/Low Poly Grass/Nature Pack - Low Polly Trees & Bushes/Models/tree 12.fbx
  artifactKey: Guid(b90060e16bc664d428079e30c45ec712) Importer(815301076,1909f56bfc062723c751e8b465ee728b)
Start importing Assets/3D Prefabs/Meterial/Low Poly Fire/Low Poly Grass/Nature Pack - Low Polly Trees & Bushes/Models/tree 12.fbx using Guid(b90060e16bc664d428079e30c45ec712) Importer(815301076,1909f56bfc062723c751e8b465ee728b)  -> (artifact id: '25d69bcf0db0aed9b5b0eddfc570ade3') in 0.016514 seconds 
========================================================================
Received Import Request.
  Time since last request: 0.000014 seconds.
  path: Assets/3D Prefabs/Meterial/Low Poly Fire/Low Poly Grass/Nature Pack - Low Polly Trees & Bushes/Models/tree 11.fbx
  artifactKey: Guid(b32d6a4eef47c524ea9778bb8b6109c4) Importer(815301076,1909f56bfc062723c751e8b465ee728b)
Start importing Assets/3D Prefabs/Meterial/Low Poly Fire/Low Poly Grass/Nature Pack - Low Polly Trees & Bushes/Models/tree 11.fbx using Guid(b32d6a4eef47c524ea9778bb8b6109c4) Importer(815301076,1909f56bfc062723c751e8b465ee728b)  -> (artifact id: 'b94c37d3beefe485e4919416120ce50d') in 0.017694 seconds 
========================================================================
Received Import Request.
  Time since last request: 0.000015 seconds.
  path: Assets/3D Prefabs/Meterial/Low Poly Fire/Low Poly Grass/Nature Pack - Low Polly Trees & Bushes/Models/Log 2.fbx
  artifactKey: Guid(b24a735fa0b4d29438a0f63df2b8c483) Importer(815301076,1909f56bfc062723c751e8b465ee728b)
Start importing Assets/3D Prefabs/Meterial/Low Poly Fire/Low Poly Grass/Nature Pack - Low Polly Trees & Bushes/Models/Log 2.fbx using Guid(b24a735fa0b4d29438a0f63df2b8c483) Importer(815301076,1909f56bfc062723c751e8b465ee728b)  -> (artifact id: 'df8edcc6a26687adf20789776e7ea98a') in 0.017157 seconds 
========================================================================
Received Import Request.
  Time since last request: 0.000017 seconds.
  path: Assets/3D Prefabs/Meterial/Low Poly Fire/Low Poly Grass/Nature Pack - Low Polly Trees & Bushes/Models/tree 16.fbx
  artifactKey: Guid(61eb08920c935cd4cbd5c8e8a4940f1f) Importer(815301076,1909f56bfc062723c751e8b465ee728b)
Start importing Assets/3D Prefabs/Meterial/Low Poly Fire/Low Poly Grass/Nature Pack - Low Polly Trees & Bushes/Models/tree 16.fbx using Guid(61eb08920c935cd4cbd5c8e8a4940f1f) Importer(815301076,1909f56bfc062723c751e8b465ee728b)  -> (artifact id: 'f73653e7ca367091fa2f7cbb0c85ddb1') in 0.016438 seconds 
========================================================================
Received Import Request.
  Time since last request: 0.000015 seconds.
  path: Assets/3D Prefabs/Meterial/Low Poly Fire/Low Poly Grass/Nature Pack - Low Polly Trees & Bushes/Models/Street Tree 6.fbx
  artifactKey: Guid(7683cd98afb52fe459f7c45b266ca44a) Importer(815301076,1909f56bfc062723c751e8b465ee728b)
Start importing Assets/3D Prefabs/Meterial/Low Poly Fire/Low Poly Grass/Nature Pack - Low Polly Trees & Bushes/Models/Street Tree 6.fbx using Guid(7683cd98afb52fe459f7c45b266ca44a) Importer(815301076,1909f56bfc062723c751e8b465ee728b)  -> (artifact id: 'bdad78c0edb7e0749549ac7c5126db53') in 0.016896 seconds 
========================================================================
Received Import Request.
  Time since last request: 0.000022 seconds.
  path: Assets/3D Prefabs/Meterial/Low Poly Fire/Low Poly Grass/Nature Pack - Low Polly Trees & Bushes/Models/tree 3.fbx
  artifactKey: Guid(f3fa10f19205cba40befc6cb4cf7648c) Importer(815301076,1909f56bfc062723c751e8b465ee728b)
Start importing Assets/3D Prefabs/Meterial/Low Poly Fire/Low Poly Grass/Nature Pack - Low Polly Trees & Bushes/Models/tree 3.fbx using Guid(f3fa10f19205cba40befc6cb4cf7648c) Importer(815301076,1909f56bfc062723c751e8b465ee728b)  -> (artifact id: 'e863d47a5577aadb1a486a74c652a914') in 0.018177 seconds 
========================================================================
Received Import Request.
  Time since last request: 0.000030 seconds.
  path: Assets/3D Prefabs/Meterial/Low Poly Fire/Low Poly Grass/Nature Pack - Low Polly Trees & Bushes/Models/Hedge 2.fbx
  artifactKey: Guid(e3a6f52526d23ab4fb6ef91b3b4853ba) Importer(815301076,1909f56bfc062723c751e8b465ee728b)
Start importing Assets/3D Prefabs/Meterial/Low Poly Fire/Low Poly Grass/Nature Pack - Low Polly Trees & Bushes/Models/Hedge 2.fbx using Guid(e3a6f52526d23ab4fb6ef91b3b4853ba) Importer(815301076,1909f56bfc062723c751e8b465ee728b)  -> (artifact id: '13f8a5d8720cee623d9d021b37c6b618') in 0.017194 seconds 
========================================================================
Received Import Request.
  Time since last request: 0.000019 seconds.
  path: Assets/3D Prefabs/Meterial/Low Poly Fire/Low Poly Grass/Nature Pack - Low Polly Trees & Bushes/Models/tree 13.fbx
  artifactKey: Guid(f83c06207830a1d438a3c585a5d5ba1e) Importer(815301076,1909f56bfc062723c751e8b465ee728b)
Start importing Assets/3D Prefabs/Meterial/Low Poly Fire/Low Poly Grass/Nature Pack - Low Polly Trees & Bushes/Models/tree 13.fbx using Guid(f83c06207830a1d438a3c585a5d5ba1e) Importer(815301076,1909f56bfc062723c751e8b465ee728b)  -> (artifact id: 'd03bca97610ec033ba5ad7faac516311') in 0.017099 seconds 
========================================================================
Received Import Request.
  Time since last request: 0.000016 seconds.
  path: Assets/3D Prefabs/Meterial/Low Poly Fire/Low Poly Grass/Nature Pack - Low Polly Trees & Bushes/Models/Street Tree 4.fbx
  artifactKey: Guid(ab703e35c4b7808479708aec5fd060b6) Importer(815301076,1909f56bfc062723c751e8b465ee728b)
Start importing Assets/3D Prefabs/Meterial/Low Poly Fire/Low Poly Grass/Nature Pack - Low Polly Trees & Bushes/Models/Street Tree 4.fbx using Guid(ab703e35c4b7808479708aec5fd060b6) Importer(815301076,1909f56bfc062723c751e8b465ee728b)  -> (artifact id: '37d83b3a4cea0c02ba514390418b3a49') in 0.018236 seconds 
========================================================================
Received Import Request.
  Time since last request: 0.000024 seconds.
  path: Assets/3D Prefabs/Meterial/Low Poly Fire/Low Poly Grass/Nature Pack - Low Polly Trees & Bushes/Models/Hedge 1.fbx
  artifactKey: Guid(bffe474d70a5e7744b2deba0da94a235) Importer(815301076,1909f56bfc062723c751e8b465ee728b)
Start importing Assets/3D Prefabs/Meterial/Low Poly Fire/Low Poly Grass/Nature Pack - Low Polly Trees & Bushes/Models/Hedge 1.fbx using Guid(bffe474d70a5e7744b2deba0da94a235) Importer(815301076,1909f56bfc062723c751e8b465ee728b)  -> (artifact id: '86d97476d2a58cb6fe5d3a5e192ab279') in 0.016545 seconds 
========================================================================
Received Import Request.
  Time since last request: 0.000016 seconds.
  path: Assets/3D Prefabs/Meterial/Low Poly Fire/Low Poly Grass/Nature Pack - Low Polly Trees & Bushes/Models/Potted Plant 3.fbx
  artifactKey: Guid(733ad951b45dfea4fb236faf6699ad40) Importer(815301076,1909f56bfc062723c751e8b465ee728b)
Start importing Assets/3D Prefabs/Meterial/Low Poly Fire/Low Poly Grass/Nature Pack - Low Polly Trees & Bushes/Models/Potted Plant 3.fbx using Guid(733ad951b45dfea4fb236faf6699ad40) Importer(815301076,1909f56bfc062723c751e8b465ee728b)  -> (artifact id: '772a148c5a469f4b1f84183bfb2913c0') in 0.017111 seconds 
========================================================================
Received Import Request.
  Time since last request: 55.422321 seconds.
  path: Assets/3D Prefabs/Meterial/Low Poly Fire/Low Poly Grass/Nature Pack - Low Polly Trees & Bushes/Materials/Vegetation.mat
  artifactKey: Guid(0c2b8add5b7733843a6c16fb41325646) Importer(815301076,1909f56bfc062723c751e8b465ee728b)
Start importing Assets/3D Prefabs/Meterial/Low Poly Fire/Low Poly Grass/Nature Pack - Low Polly Trees & Bushes/Materials/Vegetation.mat using Guid(0c2b8add5b7733843a6c16fb41325646) Importer(815301076,1909f56bfc062723c751e8b465ee728b)  -> (artifact id: '192a28569f985855962fea2c0aefbbb3') in 0.017213 seconds 
========================================================================
Received Import Request.
  Time since last request: 85.768056 seconds.
  path: Assets/3D Prefabs/Meterial/Low Poly Fire/AurynSky/Forest Pack/Prefabs/ForestBlock01.prefab
  artifactKey: Guid(89843090f5c38c24c9500fe9490ba5c4) Importer(815301076,1909f56bfc062723c751e8b465ee728b)
Start importing Assets/3D Prefabs/Meterial/Low Poly Fire/AurynSky/Forest Pack/Prefabs/ForestBlock01.prefab using Guid(89843090f5c38c24c9500fe9490ba5c4) Importer(815301076,1909f56bfc062723c751e8b465ee728b)  -> (artifact id: '38198f758585f6ffbaba00c22393446e') in 0.018042 seconds 
========================================================================
Received Import Request.
  Time since last request: 0.000019 seconds.
  path: Assets/3D Prefabs/Meterial/Low Poly Fire/AurynSky/Forest Pack/Prefabs/ForestGroundDirt.prefab
  artifactKey: Guid(13f1670c2e187874784d0f667f9057f5) Importer(815301076,1909f56bfc062723c751e8b465ee728b)
Start importing Assets/3D Prefabs/Meterial/Low Poly Fire/AurynSky/Forest Pack/Prefabs/ForestGroundDirt.prefab using Guid(13f1670c2e187874784d0f667f9057f5) Importer(815301076,1909f56bfc062723c751e8b465ee728b)  -> (artifact id: 'f2cd4bee18e80b486a7944a979e5cbb1') in 0.027028 seconds 
========================================================================
Received Import Request.
  Time since last request: 0.000025 seconds.
  path: Assets/3D Prefabs/Meterial/Low Poly Fire/AurynSky/Forest Pack/Prefabs/ForestBridgeRegular.prefab
  artifactKey: Guid(38fa18ea33367784c891567389fdfb7a) Importer(815301076,1909f56bfc062723c751e8b465ee728b)
Start importing Assets/3D Prefabs/Meterial/Low Poly Fire/AurynSky/Forest Pack/Prefabs/ForestBridgeRegular.prefab using Guid(38fa18ea33367784c891567389fdfb7a) Importer(815301076,1909f56bfc062723c751e8b465ee728b)  -> (artifact id: '4d2c0a30ce82392724194647020c4e29') in 0.018295 seconds 
========================================================================
Received Import Request.
  Time since last request: 0.000029 seconds.
  path: Assets/3D Prefabs/Meterial/Low Poly Fire/AurynSky/Forest Pack/Prefabs/ForestGrass02.prefab
  artifactKey: Guid(4c9f6adf60a275840b716082e3482212) Importer(815301076,1909f56bfc062723c751e8b465ee728b)
Start importing Assets/3D Prefabs/Meterial/Low Poly Fire/AurynSky/Forest Pack/Prefabs/ForestGrass02.prefab using Guid(4c9f6adf60a275840b716082e3482212) Importer(815301076,1909f56bfc062723c751e8b465ee728b)  -> (artifact id: '61eac8fe777455aa4517e269fe04b48d') in 0.015213 seconds 
========================================================================
Received Import Request.
  Time since last request: 0.000019 seconds.
  path: Assets/3D Prefabs/Meterial/Low Poly Fire/AurynSky/Forest Pack/Prefabs/ForestBridgeWide.prefab
  artifactKey: Guid(ba7e7b47e14ac404fbe09194158fbf80) Importer(815301076,1909f56bfc062723c751e8b465ee728b)
Start importing Assets/3D Prefabs/Meterial/Low Poly Fire/AurynSky/Forest Pack/Prefabs/ForestBridgeWide.prefab using Guid(ba7e7b47e14ac404fbe09194158fbf80) Importer(815301076,1909f56bfc062723c751e8b465ee728b)  -> (artifact id: 'c9c500be9f6b61f807a90ac8708c84b1') in 0.014997 seconds 
========================================================================
Received Import Request.
  Time since last request: 0.000021 seconds.
  path: Assets/3D Prefabs/Meterial/Low Poly Fire/AurynSky/Forest Pack/Prefabs/ForestTreeDTall.prefab
  artifactKey: Guid(eb322b3f7ad50984197dced1b53b11ee) Importer(815301076,1909f56bfc062723c751e8b465ee728b)
Start importing Assets/3D Prefabs/Meterial/Low Poly Fire/AurynSky/Forest Pack/Prefabs/ForestTreeDTall.prefab using Guid(eb322b3f7ad50984197dced1b53b11ee) Importer(815301076,1909f56bfc062723c751e8b465ee728b)  -> (artifact id: '777ce283b0d54771cead75e56cef2d37') in 0.014318 seconds 
========================================================================
Received Import Request.
  Time since last request: 0.000016 seconds.
  path: Assets/3D Prefabs/Meterial/Low Poly Fire/AurynSky/Forest Pack/Prefabs/ForestTreeDShort.prefab
  artifactKey: Guid(018e38b65bc9fb048a9c4271cdad70c2) Importer(815301076,1909f56bfc062723c751e8b465ee728b)
Start importing Assets/3D Prefabs/Meterial/Low Poly Fire/AurynSky/Forest Pack/Prefabs/ForestTreeDShort.prefab using Guid(018e38b65bc9fb048a9c4271cdad70c2) Importer(815301076,1909f56bfc062723c751e8b465ee728b)  -> (artifact id: '0458fbe4e7ef1a1cad29fe39df1c5efb') in 0.015499 seconds 
========================================================================
Received Import Request.
  Time since last request: 0.000016 seconds.
  path: Assets/3D Prefabs/Meterial/Low Poly Fire/AurynSky/Forest Pack/Prefabs/ForestCastleWindow.prefab
  artifactKey: Guid(fb44b6ca36ace2c46b5dd7d4bf32e371) Importer(815301076,1909f56bfc062723c751e8b465ee728b)
Start importing Assets/3D Prefabs/Meterial/Low Poly Fire/AurynSky/Forest Pack/Prefabs/ForestCastleWindow.prefab using Guid(fb44b6ca36ace2c46b5dd7d4bf32e371) Importer(815301076,1909f56bfc062723c751e8b465ee728b)  -> (artifact id: 'fea24ee8263c9aa4a6698592aa5ad8dd') in 0.012016 seconds 
========================================================================
Received Import Request.
  Time since last request: 0.000018 seconds.
  path: Assets/3D Prefabs/Meterial/Low Poly Fire/AurynSky/Forest Pack/Prefabs/ForestTreePineTall2.prefab
  artifactKey: Guid(bb8b831afcc06c64f9df984b2ccb8642) Importer(815301076,1909f56bfc062723c751e8b465ee728b)
Start importing Assets/3D Prefabs/Meterial/Low Poly Fire/AurynSky/Forest Pack/Prefabs/ForestTreePineTall2.prefab using Guid(bb8b831afcc06c64f9df984b2ccb8642) Importer(815301076,1909f56bfc062723c751e8b465ee728b)  -> (artifact id: '1a1a477c8bc50778a434bc6bb44fbc0e') in 0.012917 seconds 
========================================================================
Received Import Request.
  Time since last request: 0.000019 seconds.
  path: Assets/3D Prefabs/Meterial/Low Poly Fire/AurynSky/Forest Pack/Prefabs/ForestLadder.prefab
  artifactKey: Guid(8d102e899c856934a9f58af9c7508d59) Importer(815301076,1909f56bfc062723c751e8b465ee728b)
Start importing Assets/3D Prefabs/Meterial/Low Poly Fire/AurynSky/Forest Pack/Prefabs/ForestLadder.prefab using Guid(8d102e899c856934a9f58af9c7508d59) Importer(815301076,1909f56bfc062723c751e8b465ee728b)  -> (artifact id: '256832d1aac0014af12b04474420e314') in 0.013392 seconds 
========================================================================
Received Prepare
Registering precompiled user dll's ...
Registered in 0.009227 seconds.
Begin MonoManager ReloadAssembly
Symbol file LoadedFromMemory doesn't match image D:\PaperRockAndScissor\PaperRockAndScissor\Library\PackageCache\com.unity.visualscripting@1.8.0\Editor\VisualScripting.Core\Dependencies\DotNetZip\Unity.VisualScripting.IonicZip.dll
Symbol file LoadedFromMemory doesn't match image D:\PaperRockAndScissor\PaperRockAndScissor\Library\PackageCache\com.unity.visualscripting@1.8.0\Editor\VisualScripting.Core\Dependencies\YamlDotNet\Unity.VisualScripting.YamlDotNet.dll
Native extension for WindowsStandalone target not found
Native extension for iOS target not found
Native extension for Android target not found
Native extension for WebGL target not found
Refreshing native plugins compatible for Editor in 0.93 ms, found 3 plugins.
Preloading 0 native plugins for Editor in 0.00 ms.
Mono: successfully reloaded assembly
- Completed reload, in  0.907 seconds
Domain Reload Profiling:
	ReloadAssembly (907ms)
		BeginReloadAssembly (158ms)
			ExecutionOrderSort (0ms)
			DisableScriptedObjects (5ms)
			BackupInstance (0ms)
			ReleaseScriptingObjects (0ms)
			CreateAndSetChildDomain (44ms)
		EndReloadAssembly (665ms)
			LoadAssemblies (120ms)
			RebuildTransferFunctionScriptingTraits (0ms)
			SetupTypeCache (243ms)
			ReleaseScriptCaches (1ms)
			RebuildScriptCaches (29ms)
			SetupLoadedEditorAssemblies (260ms)
				LogAssemblyErrors (0ms)
				InitializePlatformSupportModulesInManaged (22ms)
				SetLoadedEditorAssemblies (0ms)
				RefreshPlugins (1ms)
				BeforeProcessingInitializeOnLoad (49ms)
				ProcessInitializeOnLoadAttributes (165ms)
				ProcessInitializeOnLoadMethodAttributes (20ms)
				AfterProcessingInitializeOnLoad (2ms)
				EditorAssembliesLoaded (0ms)
			ExecutionOrderSort2 (0ms)
			AwakeInstancesAfterBackupRestoration (5ms)
Platform modules already initialized, skipping
Refreshing native plugins compatible for Editor in 2.95 ms, found 3 plugins.
Preloading 0 native plugins for Editor in 0.00 ms.
Unloading 4224 Unused Serialized files (Serialized files now loaded: 0)
Unloading 50 unused Assets / (82.4 KB). Loaded Objects now: 4766.
Memory consumption went from 158.5 MB to 158.4 MB.
Total: 2.874200 ms (FindLiveObjects: 0.268100 ms CreateObjectMapping: 0.104600 ms MarkObjects: 2.417400 ms  DeleteObjects: 0.083400 ms)

AssetImportParameters requested are different than current active one (requested -> active):
  custom:video-decoder-ogg-theora: a1e56fd34408186e4bbccfd4996cb3dc -> 
  custom:container-muxer-webm: aa71ff27fc2769a1b78a27578f13a17b -> 
  custom:container-demuxer-webm: 4f35f7cbe854078d1ac9338744f61a02 -> 
  custom:video-encoder-webm-vp8: eb34c28f22e8b96e1ab97ce403110664 -> 
  custom:video-codec-MediaFoundation-h265: 746d11721c4dcdbdad8f713fa42b33f4 -> 
  custom:audio-encoder-webm-vorbis: bf7c407c2cedff20999df2af8eb42d56 -> 
  custom:framework-win-MediaFoundation: 216162199b28c13a410421893ffa2e32 -> 
  custom:container-demuxer-ogg: 62fdf1f143b41e24485cea50d1cbac27 -> 
  custom:video-decoder-webm-vp8: 9c59270c3fd7afecdb556c50c9e8de78 -> 
  custom:audio-decoder-ogg-vorbis: bf7c407c2cedff20999df2af8eb42d56 -> 
========================================================================
Received Import Request.
  Time since last request: 27.382929 seconds.
  path: Assets/3D Prefabs/Meterial/Low Poly Fire/Prefabs/Green-FireWood.prefab
  artifactKey: Guid(123eaecb0dcde6d4e94428d554d1f6c9) Importer(815301076,1909f56bfc062723c751e8b465ee728b)
Start importing Assets/3D Prefabs/Meterial/Low Poly Fire/Prefabs/Green-FireWood.prefab using Guid(123eaecb0dcde6d4e94428d554d1f6c9) Importer(815301076,1909f56bfc062723c751e8b465ee728b)  -> (artifact id: 'e0b3832e3dc3df6cb11d94432b76a331') in 0.070698 seconds 
========================================================================
Received Import Request.
  Time since last request: 0.000022 seconds.
  path: Assets/3D Prefabs/Meterial/Low Poly Fire/Prefabs/Yellow-FireWood.prefab
  artifactKey: Guid(8fcb9d2d43929c04f8c70c38581418d4) Importer(815301076,1909f56bfc062723c751e8b465ee728b)
Start importing Assets/3D Prefabs/Meterial/Low Poly Fire/Prefabs/Yellow-FireWood.prefab using Guid(8fcb9d2d43929c04f8c70c38581418d4) Importer(815301076,1909f56bfc062723c751e8b465ee728b)  -> (artifact id: 'fc63b6d4510854d45f1b44625a54c0c9') in 0.014953 seconds 
========================================================================
Received Prepare
Registering precompiled user dll's ...
Registered in 0.008678 seconds.
Begin MonoManager ReloadAssembly
Symbol file LoadedFromMemory doesn't match image D:\PaperRockAndScissor\PaperRockAndScissor\Library\PackageCache\com.unity.visualscripting@1.8.0\Editor\VisualScripting.Core\Dependencies\DotNetZip\Unity.VisualScripting.IonicZip.dll
Symbol file LoadedFromMemory doesn't match image D:\PaperRockAndScissor\PaperRockAndScissor\Library\PackageCache\com.unity.visualscripting@1.8.0\Editor\VisualScripting.Core\Dependencies\YamlDotNet\Unity.VisualScripting.YamlDotNet.dll
Native extension for WindowsStandalone target not found
Native extension for iOS target not found
Native extension for Android target not found
Native extension for WebGL target not found
Refreshing native plugins compatible for Editor in 0.91 ms, found 3 plugins.
Preloading 0 native plugins for Editor in 0.00 ms.
Mono: successfully reloaded assembly
- Completed reload, in  0.919 seconds
Domain Reload Profiling:
	ReloadAssembly (920ms)
		BeginReloadAssembly (146ms)
			ExecutionOrderSort (0ms)
			DisableScriptedObjects (5ms)
			BackupInstance (0ms)
			ReleaseScriptingObjects (0ms)
			CreateAndSetChildDomain (42ms)
		EndReloadAssembly (689ms)
			LoadAssemblies (110ms)
			RebuildTransferFunctionScriptingTraits (0ms)
			SetupTypeCache (265ms)
			ReleaseScriptCaches (2ms)
			RebuildScriptCaches (41ms)
			SetupLoadedEditorAssemblies (255ms)
				LogAssemblyErrors (0ms)
				InitializePlatformSupportModulesInManaged (24ms)
				SetLoadedEditorAssemblies (0ms)
				RefreshPlugins (1ms)
				BeforeProcessingInitializeOnLoad (47ms)
				ProcessInitializeOnLoadAttributes (162ms)
				ProcessInitializeOnLoadMethodAttributes (18ms)
				AfterProcessingInitializeOnLoad (3ms)
				EditorAssembliesLoaded (0ms)
			ExecutionOrderSort2 (0ms)
			AwakeInstancesAfterBackupRestoration (5ms)
Platform modules already initialized, skipping
Refreshing native plugins compatible for Editor in 3.35 ms, found 3 plugins.
Preloading 0 native plugins for Editor in 0.00 ms.
Unloading 4228 Unused Serialized files (Serialized files now loaded: 0)
Unloading 46 unused Assets / (82.6 KB). Loaded Objects now: 4774.
Memory consumption went from 158.6 MB to 158.5 MB.
Total: 2.600700 ms (FindLiveObjects: 0.261100 ms CreateObjectMapping: 0.087200 ms MarkObjects: 2.157500 ms  DeleteObjects: 0.094200 ms)

AssetImportParameters requested are different than current active one (requested -> active):
  custom:video-decoder-ogg-theora: a1e56fd34408186e4bbccfd4996cb3dc -> 
  custom:container-muxer-webm: aa71ff27fc2769a1b78a27578f13a17b -> 
  custom:container-demuxer-webm: 4f35f7cbe854078d1ac9338744f61a02 -> 
  custom:video-encoder-webm-vp8: eb34c28f22e8b96e1ab97ce403110664 -> 
  custom:video-codec-MediaFoundation-h265: 746d11721c4dcdbdad8f713fa42b33f4 -> 
  custom:audio-encoder-webm-vorbis: bf7c407c2cedff20999df2af8eb42d56 -> 
  custom:framework-win-MediaFoundation: 216162199b28c13a410421893ffa2e32 -> 
  custom:container-demuxer-ogg: 62fdf1f143b41e24485cea50d1cbac27 -> 
  custom:video-decoder-webm-vp8: 9c59270c3fd7afecdb556c50c9e8de78 -> 
  custom:audio-decoder-ogg-vorbis: bf7c407c2cedff20999df2af8eb42d56 -> 
========================================================================
Received Import Request.
  Time since last request: 33.642984 seconds.
  path: Assets/3D Prefabs/Meterial/Low Poly Fire/AurynSky/Forest Pack/Prefabs/ForestBarrel.prefab
  artifactKey: Guid(31d3a77f906791342bc79acdc84f5218) Importer(815301076,1909f56bfc062723c751e8b465ee728b)
Start importing Assets/3D Prefabs/Meterial/Low Poly Fire/AurynSky/Forest Pack/Prefabs/ForestBarrel.prefab using Guid(31d3a77f906791342bc79acdc84f5218) Importer(815301076,1909f56bfc062723c751e8b465ee728b)  -> (artifact id: 'e77b4149a5247723d9b0a0c6eba86936') in 0.057569 seconds 
========================================================================
Received Import Request.
  Time since last request: 0.000018 seconds.
  path: Assets/3D Prefabs/Meterial/Low Poly Fire/AurynSky/Forest Pack/Prefabs/ForestGround02.prefab
  artifactKey: Guid(5cbae0602ce9acf41a98fda3a353569a) Importer(815301076,1909f56bfc062723c751e8b465ee728b)
Start importing Assets/3D Prefabs/Meterial/Low Poly Fire/AurynSky/Forest Pack/Prefabs/ForestGround02.prefab using Guid(5cbae0602ce9acf41a98fda3a353569a) Importer(815301076,1909f56bfc062723c751e8b465ee728b)  -> (artifact id: '73602f894972de9aa990458e580ecd12') in 0.014631 seconds 
========================================================================
Received Import Request.
  Time since last request: 0.000021 seconds.
  path: Assets/3D Prefabs/Meterial/Low Poly Fire/AurynSky/Forest Pack/Prefabs/WaterFall.prefab
  artifactKey: Guid(a27d6e7d56bdc84479be345a168e6c70) Importer(815301076,1909f56bfc062723c751e8b465ee728b)
Start importing Assets/3D Prefabs/Meterial/Low Poly Fire/AurynSky/Forest Pack/Prefabs/WaterFall.prefab using Guid(a27d6e7d56bdc84479be345a168e6c70) Importer(815301076,1909f56bfc062723c751e8b465ee728b)  -> (artifact id: '72af739c7786c16ded7d787abda0d545') in 0.015134 seconds 
========================================================================
Received Import Request.
  Time since last request: 0.000024 seconds.
  path: Assets/3D Prefabs/Meterial/Low Poly Fire/AurynSky/Forest Pack/Prefabs/ForestBridgeWide.prefab
  artifactKey: Guid(ba7e7b47e14ac404fbe09194158fbf80) Importer(815301076,1909f56bfc062723c751e8b465ee728b)
Start importing Assets/3D Prefabs/Meterial/Low Poly Fire/AurynSky/Forest Pack/Prefabs/ForestBridgeWide.prefab using Guid(ba7e7b47e14ac404fbe09194158fbf80) Importer(815301076,1909f56bfc062723c751e8b465ee728b)  -> (artifact id: 'fc4797b2deedf79a66d638fee871080a') in 0.007309 seconds 
========================================================================
Received Import Request.
  Time since last request: 0.000015 seconds.
  path: Assets/3D Prefabs/Meterial/Low Poly Fire/AurynSky/Forest Pack/Prefabs/WaterPixiesSolo.prefab
  artifactKey: Guid(4d1a1b8720d1bc3438a87ab19ed6593a) Importer(815301076,1909f56bfc062723c751e8b465ee728b)
Start importing Assets/3D Prefabs/Meterial/Low Poly Fire/AurynSky/Forest Pack/Prefabs/WaterPixiesSolo.prefab using Guid(4d1a1b8720d1bc3438a87ab19ed6593a) Importer(815301076,1909f56bfc062723c751e8b465ee728b)  -> (artifact id: 'a9a618d7d4836b6fe084b182f36405e2') in 0.006092 seconds 
========================================================================
Received Import Request.
  Time since last request: 0.000015 seconds.
  path: Assets/3D Prefabs/Meterial/Low Poly Fire/AurynSky/Forest Pack/Prefabs/ForestTreeDTall.prefab
  artifactKey: Guid(eb322b3f7ad50984197dced1b53b11ee) Importer(815301076,1909f56bfc062723c751e8b465ee728b)
Start importing Assets/3D Prefabs/Meterial/Low Poly Fire/AurynSky/Forest Pack/Prefabs/ForestTreeDTall.prefab using Guid(eb322b3f7ad50984197dced1b53b11ee) Importer(815301076,1909f56bfc062723c751e8b465ee728b)  -> (artifact id: '2e184268c56743146d1bac28b304be97') in 0.011478 seconds 
========================================================================
Received Import Request.
  Time since last request: 0.000017 seconds.
  path: Assets/3D Prefabs/Meterial/Low Poly Fire/AurynSky/Forest Pack/Prefabs/RiverQuadSolo.prefab
  artifactKey: Guid(358cf835a1cf6dc44be7c394778cb1ce) Importer(815301076,1909f56bfc062723c751e8b465ee728b)
Start importing Assets/3D Prefabs/Meterial/Low Poly Fire/AurynSky/Forest Pack/Prefabs/RiverQuadSolo.prefab using Guid(358cf835a1cf6dc44be7c394778cb1ce) Importer(815301076,1909f56bfc062723c751e8b465ee728b)  -> (artifact id: '77093711158d0dca68e21e20ca9f8c74') in 0.012637 seconds 
========================================================================
Received Import Request.
  Time since last request: 0.000019 seconds.
  path: Assets/3D Prefabs/Meterial/Low Poly Fire/AurynSky/Forest Pack/Prefabs/ForestTreeDShort.prefab
  artifactKey: Guid(018e38b65bc9fb048a9c4271cdad70c2) Importer(815301076,1909f56bfc062723c751e8b465ee728b)
Start importing Assets/3D Prefabs/Meterial/Low Poly Fire/AurynSky/Forest Pack/Prefabs/ForestTreeDShort.prefab using Guid(018e38b65bc9fb048a9c4271cdad70c2) Importer(815301076,1909f56bfc062723c751e8b465ee728b)  -> (artifact id: 'f953195776bd16236a675264b6b172ab') in 0.013815 seconds 
========================================================================
Received Import Request.
  Time since last request: 0.000021 seconds.
  path: Assets/3D Prefabs/Meterial/Low Poly Fire/AurynSky/Forest Pack/Prefabs/ForestTreePineTall2.prefab
  artifactKey: Guid(bb8b831afcc06c64f9df984b2ccb8642) Importer(815301076,1909f56bfc062723c751e8b465ee728b)
Start importing Assets/3D Prefabs/Meterial/Low Poly Fire/AurynSky/Forest Pack/Prefabs/ForestTreePineTall2.prefab using Guid(bb8b831afcc06c64f9df984b2ccb8642) Importer(815301076,1909f56bfc062723c751e8b465ee728b)  -> (artifact id: '2dc1e6b6567bda187c640b7b9e6c7954') in 0.013013 seconds 
========================================================================
Received Import Request.
  Time since last request: 0.000018 seconds.
  path: Assets/3D Prefabs/Meterial/Low Poly Fire/AurynSky/Forest Pack/Prefabs/ForestLadder.prefab
  artifactKey: Guid(8d102e899c856934a9f58af9c7508d59) Importer(815301076,1909f56bfc062723c751e8b465ee728b)
Start importing Assets/3D Prefabs/Meterial/Low Poly Fire/AurynSky/Forest Pack/Prefabs/ForestLadder.prefab using Guid(8d102e899c856934a9f58af9c7508d59) Importer(815301076,1909f56bfc062723c751e8b465ee728b)  -> (artifact id: '0c548557e9f0bfd3a945d1882edeaf94') in 0.006641 seconds 
========================================================================
Received Import Request.
  Time since last request: 44.863972 seconds.
  path: Assets/3D Prefabs/Meterial/Low Poly Fire/AurynSky/Forest Pack/Prefabs/Prefabs_Red/ForestBrazzierRed.prefab
  artifactKey: Guid(b8cd47ec0ed55ef4a81e264386f6aee5) Importer(815301076,1909f56bfc062723c751e8b465ee728b)
Start importing Assets/3D Prefabs/Meterial/Low Poly Fire/AurynSky/Forest Pack/Prefabs/Prefabs_Red/ForestBrazzierRed.prefab using Guid(b8cd47ec0ed55ef4a81e264386f6aee5) Importer(815301076,1909f56bfc062723c751e8b465ee728b)  -> (artifact id: '2226faa9f3e2635f42cacb3dfd17bc9f') in 0.009502 seconds 
========================================================================
Received Import Request.
  Time since last request: 0.000017 seconds.
  path: Assets/3D Prefabs/Meterial/Low Poly Fire/AurynSky/Forest Pack/Prefabs/Prefabs_Red/ForestCastleDoorL_Red.prefab
  artifactKey: Guid(c44928e7737eb974695c038f3bff9fda) Importer(815301076,1909f56bfc062723c751e8b465ee728b)
Start importing Assets/3D Prefabs/Meterial/Low Poly Fire/AurynSky/Forest Pack/Prefabs/Prefabs_Red/ForestCastleDoorL_Red.prefab using Guid(c44928e7737eb974695c038f3bff9fda) Importer(815301076,1909f56bfc062723c751e8b465ee728b)  -> (artifact id: '9d5a7f92b7ab93028bc7efef58e4c780') in 0.014810 seconds 
========================================================================
Received Import Request.
  Time since last request: 0.000025 seconds.
  path: Assets/3D Prefabs/Meterial/Low Poly Fire/AurynSky/Forest Pack/Prefabs/Prefabs_Red/ForestTower_Red.prefab
  artifactKey: Guid(e7775214e5f7b1f469df26ce7b30e009) Importer(815301076,1909f56bfc062723c751e8b465ee728b)
Start importing Assets/3D Prefabs/Meterial/Low Poly Fire/AurynSky/Forest Pack/Prefabs/Prefabs_Red/ForestTower_Red.prefab using Guid(e7775214e5f7b1f469df26ce7b30e009) Importer(815301076,1909f56bfc062723c751e8b465ee728b)  -> (artifact id: '4ebf0f354f6f6186e2eecc6fc4643774') in 0.064064 seconds 
========================================================================
Received Import Request.
  Time since last request: 0.000016 seconds.
  path: Assets/3D Prefabs/Meterial/Low Poly Fire/AurynSky/Forest Pack/Prefabs/Prefabs_Red/ForestCastleDoorR_Red.prefab
  artifactKey: Guid(8460a569480840d449cb9dd635c1b06c) Importer(815301076,1909f56bfc062723c751e8b465ee728b)
Start importing Assets/3D Prefabs/Meterial/Low Poly Fire/AurynSky/Forest Pack/Prefabs/Prefabs_Red/ForestCastleDoorR_Red.prefab using Guid(8460a569480840d449cb9dd635c1b06c) Importer(815301076,1909f56bfc062723c751e8b465ee728b)  -> (artifact id: '0440280513fc775988c480eba6a5b4cb') in 0.011046 seconds 
========================================================================
Received Import Request.
  Time since last request: 16.116289 seconds.
  path: Assets/3D Prefabs/Meterial/Low Poly Fire/AurynSky/Forest Pack/Prefabs/Prefabs_Blue/ForestBrazzierBlue.prefab
  artifactKey: Guid(a29d452ee24577e46b40bd1b5396acc5) Importer(815301076,1909f56bfc062723c751e8b465ee728b)
Start importing Assets/3D Prefabs/Meterial/Low Poly Fire/AurynSky/Forest Pack/Prefabs/Prefabs_Blue/ForestBrazzierBlue.prefab using Guid(a29d452ee24577e46b40bd1b5396acc5) Importer(815301076,1909f56bfc062723c751e8b465ee728b)  -> (artifact id: 'fd15cbc7252a104cdc9a78c7ebc9cc4a') in 0.014442 seconds 
========================================================================
Received Import Request.
  Time since last request: 0.000019 seconds.
  path: Assets/3D Prefabs/Meterial/Low Poly Fire/AurynSky/Forest Pack/Prefabs/Prefabs_Blue/ForestCastleDoorL_Blue.prefab
  artifactKey: Guid(dcbdac72f171da241abd88df31a61142) Importer(815301076,1909f56bfc062723c751e8b465ee728b)
Start importing Assets/3D Prefabs/Meterial/Low Poly Fire/AurynSky/Forest Pack/Prefabs/Prefabs_Blue/ForestCastleDoorL_Blue.prefab using Guid(dcbdac72f171da241abd88df31a61142) Importer(815301076,1909f56bfc062723c751e8b465ee728b)  -> (artifact id: '6ed515f66b30e1051d883491b6ca8a7b') in 0.014226 seconds 
========================================================================
Received Import Request.
  Time since last request: 0.000017 seconds.
  path: Assets/3D Prefabs/Meterial/Low Poly Fire/AurynSky/Forest Pack/Prefabs/Prefabs_Blue/ForestFlag_Blue.prefab
  artifactKey: Guid(75836cac8af52414c85343289a17535e) Importer(815301076,1909f56bfc062723c751e8b465ee728b)
Start importing Assets/3D Prefabs/Meterial/Low Poly Fire/AurynSky/Forest Pack/Prefabs/Prefabs_Blue/ForestFlag_Blue.prefab using Guid(75836cac8af52414c85343289a17535e) Importer(815301076,1909f56bfc062723c751e8b465ee728b)  -> (artifact id: '2134bbd9ebbe5925e47e69585e13fb35') in 0.015579 seconds 
========================================================================
Received Prepare
Registering precompiled user dll's ...
Registered in 0.008604 seconds.
Begin MonoManager ReloadAssembly
Symbol file LoadedFromMemory doesn't match image D:\PaperRockAndScissor\PaperRockAndScissor\Library\PackageCache\com.unity.visualscripting@1.8.0\Editor\VisualScripting.Core\Dependencies\DotNetZip\Unity.VisualScripting.IonicZip.dll
Symbol file LoadedFromMemory doesn't match image D:\PaperRockAndScissor\PaperRockAndScissor\Library\PackageCache\com.unity.visualscripting@1.8.0\Editor\VisualScripting.Core\Dependencies\YamlDotNet\Unity.VisualScripting.YamlDotNet.dll
Native extension for WindowsStandalone target not found
Native extension for iOS target not found
Native extension for Android target not found
Native extension for WebGL target not found
Refreshing native plugins compatible for Editor in 0.96 ms, found 3 plugins.
Preloading 0 native plugins for Editor in 0.00 ms.
Mono: successfully reloaded assembly
- Completed reload, in  0.909 seconds
Domain Reload Profiling:
	ReloadAssembly (909ms)
		BeginReloadAssembly (150ms)
			ExecutionOrderSort (0ms)
			DisableScriptedObjects (4ms)
			BackupInstance (0ms)
			ReleaseScriptingObjects (0ms)
			CreateAndSetChildDomain (38ms)
		EndReloadAssembly (676ms)
			LoadAssemblies (129ms)
			RebuildTransferFunctionScriptingTraits (0ms)
			SetupTypeCache (256ms)
			ReleaseScriptCaches (1ms)
			RebuildScriptCaches (31ms)
			SetupLoadedEditorAssemblies (256ms)
				LogAssemblyErrors (0ms)
				InitializePlatformSupportModulesInManaged (32ms)
				SetLoadedEditorAssemblies (0ms)
				RefreshPlugins (1ms)
				BeforeProcessingInitializeOnLoad (48ms)
				ProcessInitializeOnLoadAttributes (154ms)
				ProcessInitializeOnLoadMethodAttributes (19ms)
				AfterProcessingInitializeOnLoad (3ms)
				EditorAssembliesLoaded (0ms)
			ExecutionOrderSort2 (0ms)
			AwakeInstancesAfterBackupRestoration (5ms)
Platform modules already initialized, skipping
Refreshing native plugins compatible for Editor in 2.97 ms, found 3 plugins.
Preloading 0 native plugins for Editor in 0.00 ms.
Unloading 4228 Unused Serialized files (Serialized files now loaded: 0)
Unloading 48 unused Assets / (83.4 KB). Loaded Objects now: 4778.
Memory consumption went from 171.3 MB to 171.2 MB.
Total: 2.666200 ms (FindLiveObjects: 0.240400 ms CreateObjectMapping: 0.143800 ms MarkObjects: 2.167000 ms  DeleteObjects: 0.114100 ms)

AssetImportParameters requested are different than current active one (requested -> active):
  custom:video-decoder-ogg-theora: a1e56fd34408186e4bbccfd4996cb3dc -> 
  custom:container-muxer-webm: aa71ff27fc2769a1b78a27578f13a17b -> 
  custom:container-demuxer-webm: 4f35f7cbe854078d1ac9338744f61a02 -> 
  custom:video-encoder-webm-vp8: eb34c28f22e8b96e1ab97ce403110664 -> 
  custom:video-codec-MediaFoundation-h265: 746d11721c4dcdbdad8f713fa42b33f4 -> 
  custom:audio-encoder-webm-vorbis: bf7c407c2cedff20999df2af8eb42d56 -> 
  custom:framework-win-MediaFoundation: 216162199b28c13a410421893ffa2e32 -> 
  custom:container-demuxer-ogg: 62fdf1f143b41e24485cea50d1cbac27 -> 
  custom:video-decoder-webm-vp8: 9c59270c3fd7afecdb556c50c9e8de78 -> 
  custom:audio-decoder-ogg-vorbis: bf7c407c2cedff20999df2af8eb42d56 -> 
========================================================================
Received Prepare
Registering precompiled user dll's ...
Registered in 0.008640 seconds.
Begin MonoManager ReloadAssembly
Symbol file LoadedFromMemory doesn't match image D:\PaperRockAndScissor\PaperRockAndScissor\Library\PackageCache\com.unity.visualscripting@1.8.0\Editor\VisualScripting.Core\Dependencies\DotNetZip\Unity.VisualScripting.IonicZip.dll
Symbol file LoadedFromMemory doesn't match image D:\PaperRockAndScissor\PaperRockAndScissor\Library\PackageCache\com.unity.visualscripting@1.8.0\Editor\VisualScripting.Core\Dependencies\YamlDotNet\Unity.VisualScripting.YamlDotNet.dll
Native extension for WindowsStandalone target not found
Native extension for iOS target not found
Native extension for Android target not found
Native extension for WebGL target not found
Refreshing native plugins compatible for Editor in 1.68 ms, found 3 plugins.
Preloading 0 native plugins for Editor in 0.00 ms.
Mono: successfully reloaded assembly
- Completed reload, in  0.973 seconds
Domain Reload Profiling:
	ReloadAssembly (973ms)
		BeginReloadAssembly (153ms)
			ExecutionOrderSort (0ms)
			DisableScriptedObjects (5ms)
			BackupInstance (0ms)
			ReleaseScriptingObjects (0ms)
			CreateAndSetChildDomain (44ms)
		EndReloadAssembly (721ms)
			LoadAssemblies (121ms)
			RebuildTransferFunctionScriptingTraits (0ms)
			SetupTypeCache (294ms)
			ReleaseScriptCaches (1ms)
			RebuildScriptCaches (37ms)
			SetupLoadedEditorAssemblies (249ms)
				LogAssemblyErrors (0ms)
				InitializePlatformSupportModulesInManaged (24ms)
				SetLoadedEditorAssemblies (0ms)
				RefreshPlugins (2ms)
				BeforeProcessingInitializeOnLoad (51ms)
				ProcessInitializeOnLoadAttributes (151ms)
				ProcessInitializeOnLoadMethodAttributes (18ms)
				AfterProcessingInitializeOnLoad (2ms)
				EditorAssembliesLoaded (0ms)
			ExecutionOrderSort2 (0ms)
			AwakeInstancesAfterBackupRestoration (5ms)
Platform modules already initialized, skipping
Refreshing native plugins compatible for Editor in 3.08 ms, found 3 plugins.
Preloading 0 native plugins for Editor in 0.00 ms.
Unloading 4228 Unused Serialized files (Serialized files now loaded: 0)
Unloading 46 unused Assets / (82.5 KB). Loaded Objects now: 4781.
Memory consumption went from 171.3 MB to 171.2 MB.
Total: 3.440500 ms (FindLiveObjects: 0.278500 ms CreateObjectMapping: 0.090600 ms MarkObjects: 2.979500 ms  DeleteObjects: 0.091100 ms)

AssetImportParameters requested are different than current active one (requested -> active):
  custom:video-decoder-ogg-theora: a1e56fd34408186e4bbccfd4996cb3dc -> 
  custom:container-muxer-webm: aa71ff27fc2769a1b78a27578f13a17b -> 
  custom:container-demuxer-webm: 4f35f7cbe854078d1ac9338744f61a02 -> 
  custom:video-encoder-webm-vp8: eb34c28f22e8b96e1ab97ce403110664 -> 
  custom:video-codec-MediaFoundation-h265: 746d11721c4dcdbdad8f713fa42b33f4 -> 
  custom:audio-encoder-webm-vorbis: bf7c407c2cedff20999df2af8eb42d56 -> 
  custom:framework-win-MediaFoundation: 216162199b28c13a410421893ffa2e32 -> 
  custom:container-demuxer-ogg: 62fdf1f143b41e24485cea50d1cbac27 -> 
  custom:video-decoder-webm-vp8: 9c59270c3fd7afecdb556c50c9e8de78 -> 
  custom:audio-decoder-ogg-vorbis: bf7c407c2cedff20999df2af8eb42d56 -> 
========================================================================
Received Import Request.
  Time since last request: 77.697583 seconds.
  path: Assets/3D Prefabs/Meterial/Low Poly Fire/Materials/Fire Wood.mat
  artifactKey: Guid(f2d08b29abc444346916782c222f2c4a) Importer(815301076,1909f56bfc062723c751e8b465ee728b)
Start importing Assets/3D Prefabs/Meterial/Low Poly Fire/Materials/Fire Wood.mat using Guid(f2d08b29abc444346916782c222f2c4a) Importer(815301076,1909f56bfc062723c751e8b465ee728b)  -> (artifact id: '010ad939737b26a01e9ca2208d01ed88') in 0.071863 seconds 
========================================================================
Received Import Request.
  Time since last request: 15.521998 seconds.
  path: Assets/3D Prefabs/Meterial/Low Poly Fire/Office Supplies Low Poly/Assets/Prefabs/Eraser.prefab
  artifactKey: Guid(87332db484d7e492aa5fa22bea62c7ae) Importer(815301076,1909f56bfc062723c751e8b465ee728b)
Start importing Assets/3D Prefabs/Meterial/Low Poly Fire/Office Supplies Low Poly/Assets/Prefabs/Eraser.prefab using Guid(87332db484d7e492aa5fa22bea62c7ae) Importer(815301076,1909f56bfc062723c751e8b465ee728b)  -> (artifact id: '8ca85bec80c4e0ef59b27e1c639df5d8') in 0.026576 seconds 
========================================================================
Received Import Request.
  Time since last request: 0.000019 seconds.
  path: Assets/3D Prefabs/Meterial/Low Poly Fire/Office Supplies Low Poly/Assets/Prefabs/Highlighter pen blue.prefab
  artifactKey: Guid(c023af939834e46cf86badfc7ff712d0) Importer(815301076,1909f56bfc062723c751e8b465ee728b)
Start importing Assets/3D Prefabs/Meterial/Low Poly Fire/Office Supplies Low Poly/Assets/Prefabs/Highlighter pen blue.prefab using Guid(c023af939834e46cf86badfc7ff712d0) Importer(815301076,1909f56bfc062723c751e8b465ee728b)  -> (artifact id: 'd06a3e301907948db28db0efe087925c') in 0.016925 seconds 
========================================================================
Received Import Request.
  Time since last request: 0.000016 seconds.
  path: Assets/3D Prefabs/Meterial/Low Poly Fire/Office Supplies Low Poly/Assets/Prefabs/Legal_pad.prefab
  artifactKey: Guid(b20b5222bdd4e455fbef4fbcce87d19c) Importer(815301076,1909f56bfc062723c751e8b465ee728b)
Start importing Assets/3D Prefabs/Meterial/Low Poly Fire/Office Supplies Low Poly/Assets/Prefabs/Legal_pad.prefab using Guid(b20b5222bdd4e455fbef4fbcce87d19c) Importer(815301076,1909f56bfc062723c751e8b465ee728b)  -> (artifact id: '85b65f08252a01d7f2df1678af8036c2') in 0.014714 seconds 
========================================================================
Received Import Request.
  Time since last request: 0.000013 seconds.
  path: Assets/3D Prefabs/Meterial/Low Poly Fire/Office Supplies Low Poly/Assets/Prefabs/Pencil sharpener large.prefab
  artifactKey: Guid(9c0c4382708774729b07ab6af5f87162) Importer(815301076,1909f56bfc062723c751e8b465ee728b)
Start importing Assets/3D Prefabs/Meterial/Low Poly Fire/Office Supplies Low Poly/Assets/Prefabs/Pencil sharpener large.prefab using Guid(9c0c4382708774729b07ab6af5f87162) Importer(815301076,1909f56bfc062723c751e8b465ee728b)  -> (artifact id: 'd495f3dd2c3adc76c1f214fc5c4afb2a') in 0.013844 seconds 
========================================================================
Received Import Request.
  Time since last request: 0.000014 seconds.
  path: Assets/3D Prefabs/Meterial/Low Poly Fire/Office Supplies Low Poly/Assets/Prefabs/Scissors red.prefab
  artifactKey: Guid(4eda41d20c3564ad789494e2a0e9babb) Importer(815301076,1909f56bfc062723c751e8b465ee728b)
Start importing Assets/3D Prefabs/Meterial/Low Poly Fire/Office Supplies Low Poly/Assets/Prefabs/Scissors red.prefab using Guid(4eda41d20c3564ad789494e2a0e9babb) Importer(815301076,1909f56bfc062723c751e8b465ee728b)  -> (artifact id: '47f9a26b8d83ff881ad8deeb94b8df88') in 0.011743 seconds 
========================================================================
Received Import Request.
  Time since last request: 0.000013 seconds.
  path: Assets/3D Prefabs/Meterial/Low Poly Fire/Office Supplies Low Poly/Assets/Prefabs/Sticky_note_red.prefab
  artifactKey: Guid(9390ad148e2dd4245ad2dc9d3629e319) Importer(815301076,1909f56bfc062723c751e8b465ee728b)
Start importing Assets/3D Prefabs/Meterial/Low Poly Fire/Office Supplies Low Poly/Assets/Prefabs/Sticky_note_red.prefab using Guid(9390ad148e2dd4245ad2dc9d3629e319) Importer(815301076,1909f56bfc062723c751e8b465ee728b)  -> (artifact id: '3c9589927e62c0aec1eb28309e4027de') in 0.017914 seconds 
========================================================================
Received Import Request.
  Time since last request: 0.000017 seconds.
  path: Assets/3D Prefabs/Meterial/Low Poly Fire/Office Supplies Low Poly/Assets/Prefabs/Pencil blue.prefab
  artifactKey: Guid(9d603110bebfd4657bc65bc0333c01b2) Importer(815301076,1909f56bfc062723c751e8b465ee728b)
Start importing Assets/3D Prefabs/Meterial/Low Poly Fire/Office Supplies Low Poly/Assets/Prefabs/Pencil blue.prefab using Guid(9d603110bebfd4657bc65bc0333c01b2) Importer(815301076,1909f56bfc062723c751e8b465ee728b)  -> (artifact id: '56c9416a1360f903324a6cb08ec3a01f') in 0.023556 seconds 
========================================================================
Received Import Request.
  Time since last request: 0.000018 seconds.
  path: Assets/3D Prefabs/Meterial/Low Poly Fire/Office Supplies Low Poly/Assets/Prefabs/Stapler_blue.prefab
  artifactKey: Guid(dcf95e79ad6374967a2db77e1bd6f67a) Importer(815301076,1909f56bfc062723c751e8b465ee728b)
Start importing Assets/3D Prefabs/Meterial/Low Poly Fire/Office Supplies Low Poly/Assets/Prefabs/Stapler_blue.prefab using Guid(dcf95e79ad6374967a2db77e1bd6f67a) Importer(815301076,1909f56bfc062723c751e8b465ee728b)  -> (artifact id: '3c2a5387a9b0c770a36e5d0e99a054bc') in 0.020174 seconds 
========================================================================
Received Import Request.
  Time since last request: 0.000018 seconds.
  path: Assets/3D Prefabs/Meterial/Low Poly Fire/Office Supplies Low Poly/Assets/Prefabs/Pencil yellow.prefab
  artifactKey: Guid(680cc712cb55643a38fb5bec71bcc683) Importer(815301076,1909f56bfc062723c751e8b465ee728b)
Start importing Assets/3D Prefabs/Meterial/Low Poly Fire/Office Supplies Low Poly/Assets/Prefabs/Pencil yellow.prefab using Guid(680cc712cb55643a38fb5bec71bcc683) Importer(815301076,1909f56bfc062723c751e8b465ee728b)  -> (artifact id: '28311ca4e71e71438104480200ee384d') in 0.017614 seconds 
========================================================================
Received Import Request.
  Time since last request: 0.000024 seconds.
  path: Assets/3D Prefabs/Meterial/Low Poly Fire/Office Supplies Low Poly/Assets/Prefabs/Scissors yellow.prefab
  artifactKey: Guid(4fa2ca3d6de804971ba571eeeb10e2af) Importer(815301076,1909f56bfc062723c751e8b465ee728b)
Start importing Assets/3D Prefabs/Meterial/Low Poly Fire/Office Supplies Low Poly/Assets/Prefabs/Scissors yellow.prefab using Guid(4fa2ca3d6de804971ba571eeeb10e2af) Importer(815301076,1909f56bfc062723c751e8b465ee728b)  -> (artifact id: 'bf592669e895a602718cb26d1847cb9a') in 0.016695 seconds 
========================================================================
Received Import Request.
  Time since last request: 0.000014 seconds.
  path: Assets/3D Prefabs/Meterial/Low Poly Fire/Office Supplies Low Poly/Assets/Prefabs/Pen blue.prefab
  artifactKey: Guid(a85ac51e8240148b590aefe2dcd253f6) Importer(815301076,1909f56bfc062723c751e8b465ee728b)
Start importing Assets/3D Prefabs/Meterial/Low Poly Fire/Office Supplies Low Poly/Assets/Prefabs/Pen blue.prefab using Guid(a85ac51e8240148b590aefe2dcd253f6) Importer(815301076,1909f56bfc062723c751e8b465ee728b)  -> (artifact id: 'd97c75e51753483129bb1174ed80d34f') in 0.017590 seconds 
========================================================================
Received Import Request.
  Time since last request: 0.000016 seconds.
  path: Assets/3D Prefabs/Meterial/Low Poly Fire/Office Supplies Low Poly/Assets/Prefabs/Highlighter pen pink.prefab
  artifactKey: Guid(6668c50ebd12547d9a9d689bd28fd624) Importer(815301076,1909f56bfc062723c751e8b465ee728b)
Start importing Assets/3D Prefabs/Meterial/Low Poly Fire/Office Supplies Low Poly/Assets/Prefabs/Highlighter pen pink.prefab using Guid(6668c50ebd12547d9a9d689bd28fd624) Importer(815301076,1909f56bfc062723c751e8b465ee728b)  -> (artifact id: '11e644a17654ef3f21cbf23f0d68067d') in 0.017441 seconds 
========================================================================
Received Import Request.
  Time since last request: 0.000017 seconds.
  path: Assets/3D Prefabs/Meterial/Low Poly Fire/Office Supplies Low Poly/Assets/Prefabs/Sticky_note_green.prefab
  artifactKey: Guid(678004df39bc84cb7ab05ea3306e7d6a) Importer(815301076,1909f56bfc062723c751e8b465ee728b)
Start importing Assets/3D Prefabs/Meterial/Low Poly Fire/Office Supplies Low Poly/Assets/Prefabs/Sticky_note_green.prefab using Guid(678004df39bc84cb7ab05ea3306e7d6a) Importer(815301076,1909f56bfc062723c751e8b465ee728b)  -> (artifact id: '4cf3465c79a3c746f1779308cd705660') in 0.015806 seconds 
========================================================================
Received Import Request.
  Time since last request: 0.000016 seconds.
  path: Assets/3D Prefabs/Meterial/Low Poly Fire/Office Supplies Low Poly/Assets/Prefabs/Highlighter pen yellow.prefab
  artifactKey: Guid(8a6bf0c92a7154d62bb76dc5e101e0de) Importer(815301076,1909f56bfc062723c751e8b465ee728b)
Start importing Assets/3D Prefabs/Meterial/Low Poly Fire/Office Supplies Low Poly/Assets/Prefabs/Highlighter pen yellow.prefab using Guid(8a6bf0c92a7154d62bb76dc5e101e0de) Importer(815301076,1909f56bfc062723c751e8b465ee728b)  -> (artifact id: 'c31bd2375115701c4b799da309254685') in 0.018084 seconds 
Editor requested this worker to shutdown with reason: Scaling down because of idle timeout
AssetImportWorker is now disconnected from the server
Process exiting
Exiting without the bug reporter. Application will terminate with return code 0