Using pre-set license
Built from '2021.3/release' branch; Version is '2021.3.17f1 (3e8111cac19d) revision 4096273'; Using compiler version '192829333'; Build Type 'Release'
OS: 'Windows 11  (10.0.22621) 64bit CoreSingleLanguage' Language: 'ru' Physical Memory: 32654 MB
BatchMode: 1, IsHumanControllingUs: 0, StartBugReporterOnCrash: 0, Is64bit: 1, IsPro: 1

COMMAND LINE ARGUMENTS:
E:\Unity_HUB\2021.3.17f1\Editor\Unity.exe
-adb2
-batchMode
-noUpm
-name
AssetImportWorker6
-projectPath
D:/PaperRockAndScissor/PaperRockAndScissor
-logFile
Logs/AssetImportWorker6.log
-srvPort
56121
Successfully changed project path to: D:/PaperRockAndScissor/PaperRockAndScissor
D:/PaperRockAndScissor/PaperRockAndScissor
[UnityMemory] Configuration Parameters - Can be set up in boot.config
    "memorysetup-bucket-allocator-granularity=16"
    "memorysetup-bucket-allocator-bucket-count=8"
    "memorysetup-bucket-allocator-block-size=33554432"
    "memorysetup-bucket-allocator-block-count=8"
    "memorysetup-main-allocator-block-size=16777216"
    "memorysetup-thread-allocator-block-size=16777216"
    "memorysetup-gfx-main-allocator-block-size=16777216"
    "memorysetup-gfx-thread-allocator-block-size=16777216"
    "memorysetup-cache-allocator-block-size=4194304"
    "memorysetup-typetree-allocator-block-size=2097152"
    "memorysetup-profiler-bucket-allocator-granularity=16"
    "memorysetup-profiler-bucket-allocator-bucket-count=8"
    "memorysetup-profiler-bucket-allocator-block-size=33554432"
    "memorysetup-profiler-bucket-allocator-block-count=8"
    "memorysetup-profiler-allocator-block-size=16777216"
    "memorysetup-profiler-editor-allocator-block-size=1048576"
    "memorysetup-temp-allocator-size-main=16777216"
    "memorysetup-job-temp-allocator-block-size=2097152"
    "memorysetup-job-temp-allocator-block-size-background=1048576"
    "memorysetup-job-temp-allocator-reduction-small-platforms=262144"
    "memorysetup-temp-allocator-size-background-worker=32768"
    "memorysetup-temp-allocator-size-job-worker=262144"
    "memorysetup-temp-allocator-size-preload-manager=33554432"
    "memorysetup-temp-allocator-size-nav-mesh-worker=65536"
    "memorysetup-temp-allocator-size-audio-worker=65536"
    "memorysetup-temp-allocator-size-cloud-worker=32768"
    "memorysetup-temp-allocator-size-gi-baking-worker=262144"
    "memorysetup-temp-allocator-size-gfx=262144"
Player connection [21740] Host "[IP] 192.168.56.1 [Port] 0 [Flags] 2 [Guid] 3422681536 [EditorId] 3422681536 [Version] 1048832 [Id] WindowsEditor(7,Boris) [Debug] 1 [PackageName] WindowsEditor [ProjectName] Editor" joined multi-casting on [225.0.0.222:54997]...

Player connection [21740] Host "[IP] 192.168.56.1 [Port] 0 [Flags] 2 [Guid] 3422681536 [EditorId] 3422681536 [Version] 1048832 [Id] WindowsEditor(7,Boris) [Debug] 1 [PackageName] WindowsEditor [ProjectName] Editor" joined alternative multi-casting on [225.0.0.222:34997]...

Refreshing native plugins compatible for Editor in 122.37 ms, found 3 plugins.
Preloading 0 native plugins for Editor in 0.00 ms.
Initialize engine version: 2021.3.17f1 (3e8111cac19d)
[Subsystems] Discovering subsystems at path E:/Unity_HUB/2021.3.17f1/Editor/Data/Resources/UnitySubsystems
[Subsystems] Discovering subsystems at path D:/PaperRockAndScissor/PaperRockAndScissor/Assets
GfxDevice: creating device client; threaded=0; jobified=0
Direct3D:
    Version:  Direct3D 11.0 [level 11.1]
    Renderer: NVIDIA GeForce RTX 2060 (ID=0x1f08)
    Vendor:   NVIDIA
    VRAM:     5968 MB
    Driver:   31.0.15.3179
Initialize mono
Mono path[0] = 'E:/Unity_HUB/2021.3.17f1/Editor/Data/Managed'
Mono path[1] = 'E:/Unity_HUB/2021.3.17f1/Editor/Data/MonoBleedingEdge/lib/mono/unityjit-win32'
Mono config path = 'E:/Unity_HUB/2021.3.17f1/Editor/Data/MonoBleedingEdge/etc'
Using monoOptions --debugger-agent=transport=dt_socket,embedding=1,server=y,suspend=n,address=127.0.0.1:56236
Begin MonoManager ReloadAssembly
Registering precompiled unity dll's ...
Register platform support module: E:/Unity_HUB/2021.3.17f1/Editor/Data/PlaybackEngines/WebGLSupport/UnityEditor.WebGL.Extensions.dll
Register platform support module: E:/Unity_HUB/2021.3.17f1/Editor/Data/PlaybackEngines/AndroidPlayer/UnityEditor.Android.Extensions.dll
Register platform support module: E:/Unity_HUB/2021.3.17f1/Editor/Data/PlaybackEngines/iOSSupport/UnityEditor.iOS.Extensions.dll
Register platform support module: E:/Unity_HUB/2021.3.17f1/Editor/Data/PlaybackEngines/WindowsStandaloneSupport/UnityEditor.WindowsStandalone.Extensions.dll
Registered in 0.002690 seconds.
Native extension for WindowsStandalone target not found
[usbmuxd] Start listen thread
[usbmuxd] Listen thread started
[usbmuxd] Send listen message
Native extension for iOS target not found
Native extension for Android target not found
Android Extension - Scanning For ADB Devices 213 ms
Native extension for WebGL target not found
Refreshing native plugins compatible for Editor in 98.65 ms, found 3 plugins.
Preloading 0 native plugins for Editor in 0.00 ms.
Mono: successfully reloaded assembly
- Completed reload, in  0.740 seconds
Domain Reload Profiling:
	ReloadAssembly (740ms)
		BeginReloadAssembly (67ms)
			ExecutionOrderSort (0ms)
			DisableScriptedObjects (0ms)
			BackupInstance (0ms)
			ReleaseScriptingObjects (0ms)
			CreateAndSetChildDomain (1ms)
		EndReloadAssembly (601ms)
			LoadAssemblies (67ms)
			RebuildTransferFunctionScriptingTraits (0ms)
			SetupTypeCache (75ms)
			ReleaseScriptCaches (0ms)
			RebuildScriptCaches (18ms)
			SetupLoadedEditorAssemblies (472ms)
				LogAssemblyErrors (0ms)
				InitializePlatformSupportModulesInManaged (276ms)
				SetLoadedEditorAssemblies (0ms)
				RefreshPlugins (99ms)
				BeforeProcessingInitializeOnLoad (1ms)
				ProcessInitializeOnLoadAttributes (64ms)
				ProcessInitializeOnLoadMethodAttributes (31ms)
				AfterProcessingInitializeOnLoad (0ms)
				EditorAssembliesLoaded (0ms)
			ExecutionOrderSort2 (0ms)
			AwakeInstancesAfterBackupRestoration (0ms)
Platform modules already initialized, skipping
Registering precompiled user dll's ...
Registered in 0.009356 seconds.
Begin MonoManager ReloadAssembly
Symbol file LoadedFromMemory doesn't match image D:\PaperRockAndScissor\PaperRockAndScissor\Library\PackageCache\com.unity.visualscripting@1.8.0\Editor\VisualScripting.Core\Dependencies\DotNetZip\Unity.VisualScripting.IonicZip.dll
Symbol file LoadedFromMemory doesn't match image D:\PaperRockAndScissor\PaperRockAndScissor\Library\PackageCache\com.unity.visualscripting@1.8.0\Editor\VisualScripting.Core\Dependencies\YamlDotNet\Unity.VisualScripting.YamlDotNet.dll
Native extension for WindowsStandalone target not found
Native extension for iOS target not found
Native extension for Android target not found
Native extension for WebGL target not found
Refreshing native plugins compatible for Editor in 0.99 ms, found 3 plugins.
Preloading 0 native plugins for Editor in 0.00 ms.
Mono: successfully reloaded assembly
- Completed reload, in  0.854 seconds
Domain Reload Profiling:
	ReloadAssembly (854ms)
		BeginReloadAssembly (94ms)
			ExecutionOrderSort (0ms)
			DisableScriptedObjects (5ms)
			BackupInstance (0ms)
			ReleaseScriptingObjects (0ms)
			CreateAndSetChildDomain (16ms)
		EndReloadAssembly (679ms)
			LoadAssemblies (88ms)
			RebuildTransferFunctionScriptingTraits (0ms)
			SetupTypeCache (217ms)
			ReleaseScriptCaches (1ms)
			RebuildScriptCaches (39ms)
			SetupLoadedEditorAssemblies (308ms)
				LogAssemblyErrors (0ms)
				InitializePlatformSupportModulesInManaged (17ms)
				SetLoadedEditorAssemblies (0ms)
				RefreshPlugins (1ms)
				BeforeProcessingInitializeOnLoad (68ms)
				ProcessInitializeOnLoadAttributes (201ms)
				ProcessInitializeOnLoadMethodAttributes (18ms)
				AfterProcessingInitializeOnLoad (2ms)
				EditorAssembliesLoaded (0ms)
			ExecutionOrderSort2 (0ms)
			AwakeInstancesAfterBackupRestoration (5ms)
Platform modules already initialized, skipping
========================================================================
Worker process is ready to serve import requests
Launched and connected shader compiler UnityShaderCompiler.exe after 0.04 seconds
Refreshing native plugins compatible for Editor in 0.98 ms, found 3 plugins.
Preloading 0 native plugins for Editor in 0.00 ms.
Unloading 4250 Unused Serialized files (Serialized files now loaded: 0)
Unloading 53 unused Assets / (115.4 KB). Loaded Objects now: 4715.
Memory consumption went from 155.9 MB to 155.8 MB.
Total: 2.773100 ms (FindLiveObjects: 0.237500 ms CreateObjectMapping: 0.114900 ms MarkObjects: 2.313300 ms  DeleteObjects: 0.105900 ms)

AssetImportParameters requested are different than current active one (requested -> active):
  custom:video-decoder-ogg-theora: a1e56fd34408186e4bbccfd4996cb3dc -> 
  custom:container-muxer-webm: aa71ff27fc2769a1b78a27578f13a17b -> 
  custom:container-demuxer-webm: 4f35f7cbe854078d1ac9338744f61a02 -> 
  custom:video-encoder-webm-vp8: eb34c28f22e8b96e1ab97ce403110664 -> 
  custom:video-codec-MediaFoundation-h265: 746d11721c4dcdbdad8f713fa42b33f4 -> 
  custom:audio-encoder-webm-vorbis: bf7c407c2cedff20999df2af8eb42d56 -> 
  custom:framework-win-MediaFoundation: 216162199b28c13a410421893ffa2e32 -> 
  custom:container-demuxer-ogg: 62fdf1f143b41e24485cea50d1cbac27 -> 
  custom:video-decoder-webm-vp8: 9c59270c3fd7afecdb556c50c9e8de78 -> 
  custom:audio-decoder-ogg-vorbis: bf7c407c2cedff20999df2af8eb42d56 -> 
========================================================================
Received Import Request.
  Time since last request: 76858.950400 seconds.
  path: Assets/3D Prefabs/Meterial/Partical Systems/Polygonal Particles/Assets/Meshes/ParticleMeshes.fbx
  artifactKey: Guid(56697ed419efec3488b31408d450f379) Importer(815301076,1909f56bfc062723c751e8b465ee728b)
Start importing Assets/3D Prefabs/Meterial/Partical Systems/Polygonal Particles/Assets/Meshes/ParticleMeshes.fbx using Guid(56697ed419efec3488b31408d450f379) Importer(815301076,1909f56bfc062723c751e8b465ee728b)  -> (artifact id: '3517813820f1581b177bb5b0b3881953') in 0.222289 seconds 
========================================================================
Received Prepare
Registering precompiled user dll's ...
Registered in 0.009199 seconds.
Begin MonoManager ReloadAssembly
Symbol file LoadedFromMemory doesn't match image D:\PaperRockAndScissor\PaperRockAndScissor\Library\PackageCache\com.unity.visualscripting@1.8.0\Editor\VisualScripting.Core\Dependencies\DotNetZip\Unity.VisualScripting.IonicZip.dll
Symbol file LoadedFromMemory doesn't match image D:\PaperRockAndScissor\PaperRockAndScissor\Library\PackageCache\com.unity.visualscripting@1.8.0\Editor\VisualScripting.Core\Dependencies\YamlDotNet\Unity.VisualScripting.YamlDotNet.dll
Native extension for WindowsStandalone target not found
Native extension for iOS target not found
Native extension for Android target not found
Native extension for WebGL target not found
Refreshing native plugins compatible for Editor in 1.02 ms, found 3 plugins.
Preloading 0 native plugins for Editor in 0.00 ms.
Mono: successfully reloaded assembly
- Completed reload, in  0.910 seconds
Domain Reload Profiling:
	ReloadAssembly (910ms)
		BeginReloadAssembly (131ms)
			ExecutionOrderSort (0ms)
			DisableScriptedObjects (3ms)
			BackupInstance (0ms)
			ReleaseScriptingObjects (0ms)
			CreateAndSetChildDomain (37ms)
		EndReloadAssembly (699ms)
			LoadAssemblies (100ms)
			RebuildTransferFunctionScriptingTraits (0ms)
			SetupTypeCache (236ms)
			ReleaseScriptCaches (2ms)
			RebuildScriptCaches (36ms)
			SetupLoadedEditorAssemblies (294ms)
				LogAssemblyErrors (0ms)
				InitializePlatformSupportModulesInManaged (25ms)
				SetLoadedEditorAssemblies (0ms)
				RefreshPlugins (1ms)
				BeforeProcessingInitializeOnLoad (55ms)
				ProcessInitializeOnLoadAttributes (187ms)
				ProcessInitializeOnLoadMethodAttributes (22ms)
				AfterProcessingInitializeOnLoad (3ms)
				EditorAssembliesLoaded (0ms)
			ExecutionOrderSort2 (0ms)
			AwakeInstancesAfterBackupRestoration (7ms)
Platform modules already initialized, skipping
Refreshing native plugins compatible for Editor in 3.76 ms, found 3 plugins.
Preloading 0 native plugins for Editor in 0.00 ms.
Unloading 4228 Unused Serialized files (Serialized files now loaded: 0)
Unloading 46 unused Assets / (82.5 KB). Loaded Objects now: 4762.
Memory consumption went from 158.5 MB to 158.4 MB.
Total: 2.923600 ms (FindLiveObjects: 0.314100 ms CreateObjectMapping: 0.092500 ms MarkObjects: 2.410400 ms  DeleteObjects: 0.105400 ms)

AssetImportParameters requested are different than current active one (requested -> active):
  custom:video-decoder-ogg-theora: a1e56fd34408186e4bbccfd4996cb3dc -> 
  custom:container-muxer-webm: aa71ff27fc2769a1b78a27578f13a17b -> 
  custom:container-demuxer-webm: 4f35f7cbe854078d1ac9338744f61a02 -> 
  custom:video-encoder-webm-vp8: eb34c28f22e8b96e1ab97ce403110664 -> 
  custom:video-codec-MediaFoundation-h265: 746d11721c4dcdbdad8f713fa42b33f4 -> 
  custom:audio-encoder-webm-vorbis: bf7c407c2cedff20999df2af8eb42d56 -> 
  custom:framework-win-MediaFoundation: 216162199b28c13a410421893ffa2e32 -> 
  custom:container-demuxer-ogg: 62fdf1f143b41e24485cea50d1cbac27 -> 
  custom:video-decoder-webm-vp8: 9c59270c3fd7afecdb556c50c9e8de78 -> 
  custom:audio-decoder-ogg-vorbis: bf7c407c2cedff20999df2af8eb42d56 -> 
========================================================================
Received Import Request.
  Time since last request: 36.892435 seconds.
  path: Assets/3D Prefabs/Meterial/Partical Systems/Polygonal Particles/Assets/Meshes/Materials/Smoke01.mat
  artifactKey: Guid(75891d913c7aa45419d4b27dcf922365) Importer(815301076,1909f56bfc062723c751e8b465ee728b)
Start importing Assets/3D Prefabs/Meterial/Partical Systems/Polygonal Particles/Assets/Meshes/Materials/Smoke01.mat using Guid(75891d913c7aa45419d4b27dcf922365) Importer(815301076,1909f56bfc062723c751e8b465ee728b)  -> (artifact id: '0317ada11ff2d4468d12334d224885b8') in 0.070125 seconds 
========================================================================
Received Import Request.
  Time since last request: 25.594458 seconds.
  path: Assets/3D Prefabs/Meterial/Partical Systems/Puff_Enemy.prefab
  artifactKey: Guid(c17a4499e07512f49acf6c60cc773c1c) Importer(815301076,1909f56bfc062723c751e8b465ee728b)
Start importing Assets/3D Prefabs/Meterial/Partical Systems/Puff_Enemy.prefab using Guid(c17a4499e07512f49acf6c60cc773c1c) Importer(815301076,1909f56bfc062723c751e8b465ee728b)  -> (artifact id: 'b65e45542e5fa7e24a7055ca129c48f0') in 0.024101 seconds 
========================================================================
Received Prepare
Registering precompiled user dll's ...
Registered in 0.009446 seconds.
Begin MonoManager ReloadAssembly
Symbol file LoadedFromMemory doesn't match image D:\PaperRockAndScissor\PaperRockAndScissor\Library\PackageCache\com.unity.visualscripting@1.8.0\Editor\VisualScripting.Core\Dependencies\DotNetZip\Unity.VisualScripting.IonicZip.dll
Symbol file LoadedFromMemory doesn't match image D:\PaperRockAndScissor\PaperRockAndScissor\Library\PackageCache\com.unity.visualscripting@1.8.0\Editor\VisualScripting.Core\Dependencies\YamlDotNet\Unity.VisualScripting.YamlDotNet.dll
Native extension for WindowsStandalone target not found
Native extension for iOS target not found
Native extension for Android target not found
Native extension for WebGL target not found
Refreshing native plugins compatible for Editor in 1.56 ms, found 3 plugins.
Preloading 0 native plugins for Editor in 0.00 ms.
Mono: successfully reloaded assembly
- Completed reload, in  0.940 seconds
Domain Reload Profiling:
	ReloadAssembly (941ms)
		BeginReloadAssembly (137ms)
			ExecutionOrderSort (0ms)
			DisableScriptedObjects (5ms)
			BackupInstance (0ms)
			ReleaseScriptingObjects (0ms)
			CreateAndSetChildDomain (39ms)
		EndReloadAssembly (733ms)
			LoadAssemblies (109ms)
			RebuildTransferFunctionScriptingTraits (0ms)
			SetupTypeCache (258ms)
			ReleaseScriptCaches (1ms)
			RebuildScriptCaches (36ms)
			SetupLoadedEditorAssemblies (298ms)
				LogAssemblyErrors (0ms)
				InitializePlatformSupportModulesInManaged (26ms)
				SetLoadedEditorAssemblies (0ms)
				RefreshPlugins (2ms)
				BeforeProcessingInitializeOnLoad (56ms)
				ProcessInitializeOnLoadAttributes (186ms)
				ProcessInitializeOnLoadMethodAttributes (24ms)
				AfterProcessingInitializeOnLoad (3ms)
				EditorAssembliesLoaded (0ms)
			ExecutionOrderSort2 (0ms)
			AwakeInstancesAfterBackupRestoration (6ms)
Platform modules already initialized, skipping
Refreshing native plugins compatible for Editor in 3.85 ms, found 3 plugins.
Preloading 0 native plugins for Editor in 0.00 ms.
Unloading 4228 Unused Serialized files (Serialized files now loaded: 0)
Unloading 46 unused Assets / (82.6 KB). Loaded Objects now: 4765.
Memory consumption went from 158.5 MB to 158.4 MB.
Total: 2.921000 ms (FindLiveObjects: 0.329300 ms CreateObjectMapping: 0.110800 ms MarkObjects: 2.387800 ms  DeleteObjects: 0.092400 ms)

AssetImportParameters requested are different than current active one (requested -> active):
  custom:video-decoder-ogg-theora: a1e56fd34408186e4bbccfd4996cb3dc -> 
  custom:container-muxer-webm: aa71ff27fc2769a1b78a27578f13a17b -> 
  custom:container-demuxer-webm: 4f35f7cbe854078d1ac9338744f61a02 -> 
  custom:video-encoder-webm-vp8: eb34c28f22e8b96e1ab97ce403110664 -> 
  custom:video-codec-MediaFoundation-h265: 746d11721c4dcdbdad8f713fa42b33f4 -> 
  custom:audio-encoder-webm-vorbis: bf7c407c2cedff20999df2af8eb42d56 -> 
  custom:framework-win-MediaFoundation: 216162199b28c13a410421893ffa2e32 -> 
  custom:container-demuxer-ogg: 62fdf1f143b41e24485cea50d1cbac27 -> 
  custom:video-decoder-webm-vp8: 9c59270c3fd7afecdb556c50c9e8de78 -> 
  custom:audio-decoder-ogg-vorbis: bf7c407c2cedff20999df2af8eb42d56 -> 
========================================================================
Received Prepare
Registering precompiled user dll's ...
Registered in 0.009198 seconds.
Begin MonoManager ReloadAssembly
Symbol file LoadedFromMemory doesn't match image D:\PaperRockAndScissor\PaperRockAndScissor\Library\PackageCache\com.unity.visualscripting@1.8.0\Editor\VisualScripting.Core\Dependencies\DotNetZip\Unity.VisualScripting.IonicZip.dll
Symbol file LoadedFromMemory doesn't match image D:\PaperRockAndScissor\PaperRockAndScissor\Library\PackageCache\com.unity.visualscripting@1.8.0\Editor\VisualScripting.Core\Dependencies\YamlDotNet\Unity.VisualScripting.YamlDotNet.dll
Native extension for WindowsStandalone target not found
Native extension for iOS target not found
Native extension for Android target not found
Native extension for WebGL target not found
Refreshing native plugins compatible for Editor in 1.11 ms, found 3 plugins.
Preloading 0 native plugins for Editor in 0.00 ms.
Mono: successfully reloaded assembly
- Completed reload, in  0.907 seconds
Domain Reload Profiling:
	ReloadAssembly (908ms)
		BeginReloadAssembly (129ms)
			ExecutionOrderSort (0ms)
			DisableScriptedObjects (4ms)
			BackupInstance (0ms)
			ReleaseScriptingObjects (0ms)
			CreateAndSetChildDomain (35ms)
		EndReloadAssembly (708ms)
			LoadAssemblies (98ms)
			RebuildTransferFunctionScriptingTraits (0ms)
			SetupTypeCache (245ms)
			ReleaseScriptCaches (2ms)
			RebuildScriptCaches (35ms)
			SetupLoadedEditorAssemblies (293ms)
				LogAssemblyErrors (0ms)
				InitializePlatformSupportModulesInManaged (25ms)
				SetLoadedEditorAssemblies (0ms)
				RefreshPlugins (1ms)
				BeforeProcessingInitializeOnLoad (56ms)
				ProcessInitializeOnLoadAttributes (184ms)
				ProcessInitializeOnLoadMethodAttributes (23ms)
				AfterProcessingInitializeOnLoad (3ms)
				EditorAssembliesLoaded (0ms)
			ExecutionOrderSort2 (0ms)
			AwakeInstancesAfterBackupRestoration (6ms)
Platform modules already initialized, skipping
Refreshing native plugins compatible for Editor in 3.63 ms, found 3 plugins.
Preloading 0 native plugins for Editor in 0.00 ms.
Unloading 4228 Unused Serialized files (Serialized files now loaded: 0)
Unloading 46 unused Assets / (82.7 KB). Loaded Objects now: 4768.
Memory consumption went from 158.5 MB to 158.4 MB.
Total: 2.745700 ms (FindLiveObjects: 0.276200 ms CreateObjectMapping: 0.090000 ms MarkObjects: 2.288000 ms  DeleteObjects: 0.090700 ms)

AssetImportParameters requested are different than current active one (requested -> active):
  custom:video-decoder-ogg-theora: a1e56fd34408186e4bbccfd4996cb3dc -> 
  custom:container-muxer-webm: aa71ff27fc2769a1b78a27578f13a17b -> 
  custom:container-demuxer-webm: 4f35f7cbe854078d1ac9338744f61a02 -> 
  custom:video-encoder-webm-vp8: eb34c28f22e8b96e1ab97ce403110664 -> 
  custom:video-codec-MediaFoundation-h265: 746d11721c4dcdbdad8f713fa42b33f4 -> 
  custom:audio-encoder-webm-vorbis: bf7c407c2cedff20999df2af8eb42d56 -> 
  custom:framework-win-MediaFoundation: 216162199b28c13a410421893ffa2e32 -> 
  custom:container-demuxer-ogg: 62fdf1f143b41e24485cea50d1cbac27 -> 
  custom:video-decoder-webm-vp8: 9c59270c3fd7afecdb556c50c9e8de78 -> 
  custom:audio-decoder-ogg-vorbis: bf7c407c2cedff20999df2af8eb42d56 -> 
========================================================================
Received Import Request.
  Time since last request: 88.291581 seconds.
  path: Assets/3D Prefabs/Meterial/Partical Systems/Polygonal Particles/Assets/Prefabs/Fire/Fire01_HighPerformance.prefab
  artifactKey: Guid(64ab3f6dcb0a5e148a1f122df8d2e623) Importer(815301076,1909f56bfc062723c751e8b465ee728b)
Start importing Assets/3D Prefabs/Meterial/Partical Systems/Polygonal Particles/Assets/Prefabs/Fire/Fire01_HighPerformance.prefab using Guid(64ab3f6dcb0a5e148a1f122df8d2e623) Importer(815301076,1909f56bfc062723c751e8b465ee728b)  -> (artifact id: '73a768adecf763d92a5afeb440d96336') in 0.065504 seconds 
========================================================================
Received Import Request.
  Time since last request: 0.000018 seconds.
  path: Assets/3D Prefabs/Meterial/Partical Systems/Polygonal Particles/Assets/Prefabs/Fire/FireArea_HighPerformance.prefab
  artifactKey: Guid(1ccbae7cfcc7e514dbe1904c7e6d794a) Importer(815301076,1909f56bfc062723c751e8b465ee728b)
Start importing Assets/3D Prefabs/Meterial/Partical Systems/Polygonal Particles/Assets/Prefabs/Fire/FireArea_HighPerformance.prefab using Guid(1ccbae7cfcc7e514dbe1904c7e6d794a) Importer(815301076,1909f56bfc062723c751e8b465ee728b)  -> (artifact id: 'd25a5da6b56b8c64ca2603f9f0b06178') in 0.018253 seconds 
========================================================================
Received Import Request.
  Time since last request: 0.000020 seconds.
  path: Assets/3D Prefabs/Meterial/Partical Systems/Polygonal Particles/Assets/Prefabs/Fire/FireArea.prefab
  artifactKey: Guid(bbd1860d44f6c7546aad605f3666475f) Importer(815301076,1909f56bfc062723c751e8b465ee728b)
Start importing Assets/3D Prefabs/Meterial/Partical Systems/Polygonal Particles/Assets/Prefabs/Fire/FireArea.prefab using Guid(bbd1860d44f6c7546aad605f3666475f) Importer(815301076,1909f56bfc062723c751e8b465ee728b)  -> (artifact id: '8c9e104d6e98ddebbafebcff45f3f0d4') in 0.022492 seconds 
========================================================================
Received Import Request.
  Time since last request: 0.000024 seconds.
  path: Assets/3D Prefabs/Meterial/Partical Systems/Polygonal Particles/Assets/Prefabs/Fire/Fire02.prefab
  artifactKey: Guid(ef30331bc4c461842a1da74c1c8052ab) Importer(815301076,1909f56bfc062723c751e8b465ee728b)
Start importing Assets/3D Prefabs/Meterial/Partical Systems/Polygonal Particles/Assets/Prefabs/Fire/Fire02.prefab using Guid(ef30331bc4c461842a1da74c1c8052ab) Importer(815301076,1909f56bfc062723c751e8b465ee728b)  -> (artifact id: 'd3db23e877b35f7f6977a504dfcba1f4') in 0.011544 seconds 
========================================================================
Received Import Request.
  Time since last request: 0.000021 seconds.
  path: Assets/3D Prefabs/Meterial/Partical Systems/Polygonal Particles/Assets/Prefabs/Fire/FireBall_HighPerformance.prefab
  artifactKey: Guid(2492a38f2c3a20f4695d374ded8a8981) Importer(815301076,1909f56bfc062723c751e8b465ee728b)
Start importing Assets/3D Prefabs/Meterial/Partical Systems/Polygonal Particles/Assets/Prefabs/Fire/FireBall_HighPerformance.prefab using Guid(2492a38f2c3a20f4695d374ded8a8981) Importer(815301076,1909f56bfc062723c751e8b465ee728b)  -> (artifact id: '887cf5b6732a92ef9d389f92b240e0bb') in 0.024510 seconds 
========================================================================
Received Import Request.
  Time since last request: 0.000017 seconds.
  path: Assets/3D Prefabs/Meterial/Partical Systems/Polygonal Particles/Assets/Prefabs/Fire/Fire02_HighPerformance.prefab
  artifactKey: Guid(30d1d54fdb738a04c9e8dd5270bb84ef) Importer(815301076,1909f56bfc062723c751e8b465ee728b)
Start importing Assets/3D Prefabs/Meterial/Partical Systems/Polygonal Particles/Assets/Prefabs/Fire/Fire02_HighPerformance.prefab using Guid(30d1d54fdb738a04c9e8dd5270bb84ef) Importer(815301076,1909f56bfc062723c751e8b465ee728b)  -> (artifact id: '6e38776533ebea12f7c19e38887a2630') in 0.020924 seconds 
========================================================================
Received Import Request.
  Time since last request: 34.197408 seconds.
  path: Assets/3D Prefabs/Meterial/Partical Systems/Polygonal Particles/Assets/Prefabs/Hit Particles/HitBlood_HighPerformance.prefab
  artifactKey: Guid(021a2f7a2c5bc4449b4c64a66a050e8c) Importer(815301076,1909f56bfc062723c751e8b465ee728b)
Start importing Assets/3D Prefabs/Meterial/Partical Systems/Polygonal Particles/Assets/Prefabs/Hit Particles/HitBlood_HighPerformance.prefab using Guid(021a2f7a2c5bc4449b4c64a66a050e8c) Importer(815301076,1909f56bfc062723c751e8b465ee728b)  -> (artifact id: 'a797904305c1d89417f8542f4cd13134') in 0.067688 seconds 
========================================================================
Received Import Request.
  Time since last request: 0.000018 seconds.
  path: Assets/3D Prefabs/Meterial/Partical Systems/Polygonal Particles/Assets/Prefabs/Hit Particles/HitRock02.prefab
  artifactKey: Guid(6fb79962b5722fb4a9958b904d7b53df) Importer(815301076,1909f56bfc062723c751e8b465ee728b)
Start importing Assets/3D Prefabs/Meterial/Partical Systems/Polygonal Particles/Assets/Prefabs/Hit Particles/HitRock02.prefab using Guid(6fb79962b5722fb4a9958b904d7b53df) Importer(815301076,1909f56bfc062723c751e8b465ee728b)  -> (artifact id: '9c0cf802fa594db7d1fdeb684eb8de03') in 0.019073 seconds 
========================================================================
Received Import Request.
  Time since last request: 0.000018 seconds.
  path: Assets/3D Prefabs/Meterial/Partical Systems/Polygonal Particles/Assets/Prefabs/Hit Particles/HitRock01.prefab
  artifactKey: Guid(dc1d5ca3304bfa943859960d5d1bb9b3) Importer(815301076,1909f56bfc062723c751e8b465ee728b)
Start importing Assets/3D Prefabs/Meterial/Partical Systems/Polygonal Particles/Assets/Prefabs/Hit Particles/HitRock01.prefab using Guid(dc1d5ca3304bfa943859960d5d1bb9b3) Importer(815301076,1909f56bfc062723c751e8b465ee728b)  -> (artifact id: '8503e9d60f7c7a207c0c2a87f2ce47e1') in 0.020719 seconds 
========================================================================
Received Import Request.
  Time since last request: 0.000015 seconds.
  path: Assets/3D Prefabs/Meterial/Partical Systems/Polygonal Particles/Assets/Prefabs/Hit Particles/HitRock02_HighPerformance.prefab
  artifactKey: Guid(eeff7fc95b847e24ea570517df74d06d) Importer(815301076,1909f56bfc062723c751e8b465ee728b)
Start importing Assets/3D Prefabs/Meterial/Partical Systems/Polygonal Particles/Assets/Prefabs/Hit Particles/HitRock02_HighPerformance.prefab using Guid(eeff7fc95b847e24ea570517df74d06d) Importer(815301076,1909f56bfc062723c751e8b465ee728b)  -> (artifact id: 'cc592731210bcdf8029e498a14fc8b53') in 0.015984 seconds 
========================================================================
Received Import Request.
  Time since last request: 0.000022 seconds.
  path: Assets/3D Prefabs/Meterial/Partical Systems/Polygonal Particles/Assets/Prefabs/Hit Particles/HitRock02_Mobile.prefab
  artifactKey: Guid(745331548a7278640aa059802a9484f9) Importer(815301076,1909f56bfc062723c751e8b465ee728b)
Start importing Assets/3D Prefabs/Meterial/Partical Systems/Polygonal Particles/Assets/Prefabs/Hit Particles/HitRock02_Mobile.prefab using Guid(745331548a7278640aa059802a9484f9) Importer(815301076,1909f56bfc062723c751e8b465ee728b)  -> (artifact id: 'ef7590d6d585cb4953c94d3348083a41') in 0.017240 seconds 
Editor requested this worker to shutdown with reason: Scaling down because of idle timeout
AssetImportWorker is now disconnected from the server
Process exiting
Exiting without the bug reporter. Application will terminate with return code 0